./eval/KzNUQF1X.jpg 0,107,1,90,83, 1,137,
./eval/sawgphku.jpg 1,180,176,152,2, 3,392,
./eval/vyaZ3nWb.jpg 1,2,136,212,214, 2,298,
./eval/BHSP74Qw.jpg 82,0,71,79,68, 2,312,
./eval/oILz7FKU.jpg 2,244,301,227,1, 0,84,
./eval/mfvPaD8Z.jpg 2,249,325,237,267, 3,376,
./eval/WNu6tA2j.jpg 130,0,66,2,75, 2,301,
./eval/WdVYyFpP.jpg 0,2,3,396,123, 2,266,
./eval/pK0deqAz.jpg 0,101,4,2,116, 2,346,
./eval/dmN6Q4Vb.jpg 114,2,0,323,54, 0,114,
./eval/o8Jvbe4u.jpg 0,94,2,107,69, 2,307,
./eval/5yz2uolQ.jpg 0,12,26,84,57, 2,246,
./eval/Z2YEsbwV.jpg 0,34,78,77,75, 1,170,
./eval/rhUlNbFa.jpg 2,0,276,94,356, 0,90,
./eval/SEvnQz1G.jpg 3,2,368,322,395, 0,43,
./eval/oTYDsrpx.jpg 0,126,100,2,275, 2,272,
./eval/qhbGF3TQ.jpg 0,77,78,66,76, 2,226,
./eval/PmqtIH6a.jpg 2,0,271,84,42, 0,89,
./eval/S4PzscwR.jpg 1,188,2,152,204, 2,261,
./eval/m9QUgTI5.jpg 2,258,310,242,303, 0,26,
./eval/6WQG7Z8R.jpg 2,1,356,225,299, 0,41,
./eval/PNp2VxAX.jpg 2,1,247,343,298, 1,214,
./eval/JmNBWCjG.jpg 3,366,390,2,371, 2,335,
./eval/uUgXo5EH.jpg 0,2,279,241,85, 2,268,
./eval/hVRzs4Al.jpg 0,184,132,67,1, 1,132,
./eval/c6Bwel4f.jpg 152,1,2,157,199, 2,244,
./eval/oA5IX2Dr.jpg 0,2,13,8,29, 2,358,
./eval/JLD295nj.jpg 2,241,3,317,279, 3,375,
./eval/yz7rCmPG.jpg 0,2,66,222,267, 2,267,
./eval/6f2Fhegi.jpg 2,1,0,307,179, 0,85,
./eval/mLBSkOfy.jpg 2,297,319,310,351, 3,378,
./eval/pk0htxRZ.jpg 0,34,75,107,2, 1,218,
./eval/07ocEOlJ.jpg 2,250,248,237,325, 0,8,
./eval/T5vkpMVZ.jpg 0,2,244,310,26, 2,293,
./eval/5oOqQwz4.jpg 2,330,3,374,0, 3,369,
./eval/31KRG8DH.jpg 2,0,258,1,277, 1,134,
./eval/kZu6o8sY.jpg 2,298,331,301,294, 1,201,
./eval/DeWAdNQI.jpg 0,2,323,7,46, 2,357,
./eval/6m2bT5oQ.jpg 2,290,1,353,320, 1,200,
./eval/7IvbtqlT.jpg 0,1,140,42,74, 1,140,
./eval/kY24y6IG.jpg 222,2,0,267,237, 3,368,
./eval/w1Av9ns3.jpg 0,29,382,380,73, 3,380,
./eval/82Xs5gSc.jpg 2,297,323,230,114, 0,114,
./eval/uktOJmrh.jpg 2,1,147,343,301, 1,147,
./eval/eDUQ1YvS.jpg 2,1,160,133,265, 1,133,
./eval/jANiEXhC.jpg 2,1,148,0,249, 0,34,
./eval/Gqt0g67C.jpg 1,212,134,202,2, 2,244,
./eval/Os7V9v3Q.jpg 0,1,160,128,74, 1,160,
./eval/ZL26NeDR.jpg 0,254,171,1,67, 2,254,
./eval/IcDKWX9Z.jpg 0,70,370,3,2, 3,370,
./eval/mTRx3Afd.jpg 322,2,3,370,0, 0,401,
./eval/HAWsIt38.jpg 2,0,110,255,310, 3,393,
./eval/g4K65BjP.jpg 1,0,34,2,135, 0,34,
./eval/08G3jpU4.jpg 2,240,279,243,360, 0,43,
./eval/vYUOiBzH.jpg 2,272,247,0,126, 0,126,
./eval/bkyiFSPM.jpg 2,0,259,225,276, 0,83,
./eval/DdvquBSP.jpg 1,352,2,206,175, 2,352,
./eval/f8JsVea5.jpg 2,339,256,0,245, 0,117,
./eval/8rfBJw4m.jpg 2,0,303,245,17, 0,17,
./eval/4r2SFDse.jpg 1,201,2,214,343, 2,353,
./eval/e3GVt9FY.jpg 0,1,191,149,209, 1,204,
./eval/KF0VXnvd.jpg 2,0,94,341,265, 0,125,
./eval/Ufcmjt7z.jpg 0,95,10,79,68, 3,397,
./eval/7mYVCqt5.jpg 1,2,316,290,136, 2,290,
./eval/4NQfVTtD.jpg 2,0,40,341,34, 1,178,
./eval/aknoh1d8.jpg 3,387,0,397,370, 0,26,
./eval/7hc1PBfd.jpg 2,0,224,236,295, 0,80,
./eval/qy9LxX2V.jpg 0,67,3,69,66, 3,374,
./eval/lpaR98wo.jpg 0,126,2,49,320, 2,275,
./eval/76lBUN9e.jpg 2,3,332,262,375, 1,171,
./eval/0MkHxQdn.jpg 3,397,366,0,12, 0,13,
./eval/lVAnPpxX.jpg 327,2,325,0,296, 0,62,
./eval/o1MxURGu.jpg 1,0,2,185,208, 2,258,
./eval/vrcYoSnJ.jpg 2,0,277,81,30, 0,30,
./eval/Tr6syqgF.jpg 0,12,2,123,371, 3,371,
./eval/ftSobrsD.jpg 3,2,0,391,378, 0,30,
./eval/H7Mt4BqO.jpg 2,0,85,317,231, 0,85,
./eval/rXKgEZ3m.jpg 0,75,2,340,115, 2,340,
./eval/nkUSGai3.jpg 2,179,0,1,312, 0,39,
./eval/Toc9LfXQ.jpg 0,31,3,378,381, 3,378,
./eval/v1tdxmz7.jpg 0,390,17,3,25, 3,390,
./eval/IWPLYJxs.jpg 0,99,120,2,130, 2,335,
./eval/FyPmvXYO.jpg 0,2,81,3,253, 2,339,
./eval/fu3d41oO.jpg 0,84,295,2,103, 2,295,
./eval/R0nA2lcm.jpg 2,356,225,341,300, 1,146,
./eval/EV3jzf8u.jpg 298,1,2,200,331, 2,298,
./eval/vLVR8dM4.jpg 2,0,1,3,323, 0,58,
./eval/Z2tVbGnQ.jpg 1,208,169,0,185, 0,43,
./eval/EkFpAOow.jpg 0,2,17,346,317, 2,286,
./eval/h2VB1FEa.jpg 0,34,15,2,76, 2,261,
./eval/fxDdA0b1.jpg 1,290,179,2,216, 2,290,
./eval/lmr4bxzY.jpg 281,2,1,63,301, 0,63,
./eval/VenJAjhg.jpg 0,349,2,73,235, 2,349,
./eval/wcdnQfy6.jpg 2,297,0,310,230, 0,58,
./eval/veslABwk.jpg 0,110,13,12,11, 3,371,
./eval/v5FH7DTR.jpg 2,262,266,231,300, 1,171,
./eval/dTB51V4m.jpg 2,0,230,279,276, 0,93,
./eval/FdK3ljuB.jpg 0,28,2,227,104, 2,227,
./eval/U9z7KNYp.jpg 37,0,1,63,281, 2,274,
./eval/AOHE1sTd.jpg 2,300,3,1,262, 1,169,
./eval/G1yp50dA.jpg 2,295,0,350,84, 0,84,
./eval/uyctMYs9.jpg 2,309,1,219,173, 1,164,
./eval/lTrNwaZy.jpg 0,100,126,120,2, 2,274,
./eval/PEpBrTxa.jpg 0,123,13,2,114, 2,277,
./eval/ntDeqoGb.jpg 0,2,13,79,114, 2,273,
./eval/B8120S5R.jpg 2,297,323,230,242, 0,96,
./eval/HZmBMi41.jpg 0,2,267,349,73, 2,267,
./eval/XJTradDV.jpg 0,1,137,190,177, 1,137,
./eval/ob0fhkOq.jpg 1,2,171,343,139, 2,261,
./eval/qRrfnKZS.jpg 2,1,244,160,0, 1,160,
./eval/4WRujvqT.jpg 2,318,3,366,0, 3,397,
./eval/oOCAFMTY.jpg 2,96,0,234,245, 0,96,
./eval/yHI7gP8t.jpg 0,2,126,320,272, 2,275,
./eval/Y8IyR72L.jpg 0,3,397,390,93, 3,397,
./eval/g0qBabFD.jpg 0,93,2,130,26, 3,390,
./eval/qvQHaxlX.jpg 38,0,28,2,63, 2,334,
./eval/guUwOF8H.jpg 2,96,0,355,330, 0,96,
./eval/wgDva427.jpg 322,2,0,346,284, 0,58,
./eval/bfljtcXO.jpg 2,281,294,301,244, 0,63,
./eval/bnaMjNoS.jpg 2,313,3,254,374, 3,374,
./eval/jemYfTk7.jpg 1,214,211,205,218, 2,308,
./eval/WjK54Qp8.jpg 2,363,0,118,297, 0,118,
./eval/mlUZNSoK.jpg 0,68,90,117,34, 2,294,
./eval/Uu4QTG20.jpg 99,0,25,130,26, 2,335,
./eval/HboJKvc3.jpg 0,2,126,275,272, 2,272,
./eval/a76jtkPu.jpg 0,67,254,111,2, 2,254,
./eval/A8qoV0gB.jpg 0,13,123,62,2, 2,323,
./eval/8Nljkhm7.jpg 2,226,3,289,235, 0,84,
./eval/wJAOvMVf.jpg 2,317,268,0,85, 0,85,
./eval/6E9Nqman.jpg 244,2,293,294,38, 0,28,
./eval/QzkRVhZL.jpg 0,2,126,275,335, 2,275,
./eval/0vMbRrgZ.jpg 0,77,2,34,341, 2,341,
./eval/B8arNiMT.jpg 1,2,343,214,147, 2,343,
./eval/kiw1OVhn.jpg 2,3,267,241,69, 1,147,
./eval/3gehACk8.jpg 0,106,54,12,80, 2,261,
./eval/yat0XxVf.jpg 2,300,284,299,1, 0,85,
./eval/F2zSntxl.jpg 0,75,341,1,34, 1,172,
./eval/QEXlWb0F.jpg 0,2,43,276,234, 2,259,
./eval/wLbGBJl7.jpg 2,300,231,343,262, 1,214,
./eval/o2KPCuGT.jpg 0,117,111,96,42, 2,259,
./eval/opBDWzZQ.jpg 3,0,373,394,2, 0,74,
./eval/TsoiIpHc.jpg 0,22,2,277,14, 2,277,
./eval/2kr4tEmQ.jpg 111,0,2,259,40, 2,356,
./eval/MqofGEb9.jpg 171,1,2,300,231, 2,300,
./eval/Iu0REfli.jpg 0,75,107,2,340, 2,355,
./eval/ZsnT4kVR.jpg 1,214,146,133,212, 2,338,
./eval/pQuBG2H4.jpg 1,0,146,137,116, 2,290,
./eval/635rfinS.jpg 0,2,99,81,50, 2,310,
./eval/EyWaCxRc.jpg 0,42,71,41,98, 2,358,
./eval/e3AGHb1q.jpg 2,84,236,289,0, 0,80,
./eval/EA5BNOTz.jpg 358,2,266,390,3, 3,371,
./eval/td2flC8F.jpg 2,0,242,317,85, 1,146,
./eval/4ygE7HGU.jpg 0,2,85,302,268, 2,317,
./eval/96Q8MdIN.jpg 0,89,83,17,2, 2,223,
./eval/zjA401gR.jpg 2,353,322,0,3, 3,384,
./eval/FGwhUME3.jpg 2,276,34,0,241, 0,34,
./eval/n82ZdAhu.jpg 2,276,1,167,0, 1,135,
./eval/8a4PEtus.jpg 2,0,28,293,332, 0,28,
./eval/wNZ4uJPY.jpg 2,352,226,0,346, 0,17,
./eval/RP4NL2on.jpg 1,221,0,135,2, 2,341,
./eval/AJTGowUC.jpg 3,375,2,377,395, 2,335,
./eval/jtzS0h4l.jpg 0,121,2,30,277, 2,277,
./eval/2Fgl4jw8.jpg 2,1,356,314,340, 1,218,
./eval/iqnEZY4l.jpg 2,1,0,40,181, 1,140,
./eval/jJHLUkw1.jpg 2,0,254,3,8, 0,402,
./eval/wHGkWmMl.jpg 0,2,100,354,283, 2,274,
./eval/s3SOYF6Q.jpg 1,179,188,2,135, 0,11,
./eval/FApG1izu.jpg 2,3,284,262,302, 3,382,
./eval/Mum3OxXe.jpg 0,2,67,374,66, 3,374,
./eval/5vSJaqVe.jpg 1,312,2,169,190, 2,312,
./eval/Ra2rNMEL.jpg 1,2,37,0,201, 0,37,
./eval/7qjPFgZV.jpg 0,70,2,277,117, 2,322,
./eval/t9O136qE.jpg 2,263,334,264,38, 0,80,
./eval/FHsSXCQb.jpg 2,222,267,237,3, 3,385,
./eval/evAWByzO.jpg 2,98,320,0,335, 0,84,
./eval/6xieGlca.jpg 0,31,2,226,235, 2,286,
./eval/FvsBzC4r.jpg 2,0,66,222,310, 0,67,
./eval/scbKJt0A.jpg 0,2,273,364,11, 2,273,
./eval/SBsOjMUQ.jpg 2,1,0,268,303, 3,392,
./eval/i9FZKtfT.jpg 1,160,0,2,244, 0,104,
./eval/qLR6HaPd.jpg 2,245,226,303,0, 0,84,
./eval/2D7zRGeb.jpg 0,126,2,275,100, 2,275,
./eval/DJ9yqkm3.jpg 1,2,175,314,188, 2,356,
./eval/joicDU1S.jpg 2,276,83,0,356, 0,83,
./eval/AQzyGWxd.jpg 140,1,2,339,181, 2,339,
./eval/HZtjOc7G.jpg 3,2,375,377,241, 2,358,
./eval/NzW6fQus.jpg 0,128,394,78,100, 2,275,
./eval/tBuTEdjC.jpg 244,2,301,294,238, 0,95,
./eval/D8hJurEF.jpg 0,2,290,40,339, 2,290,
./eval/VSpmEaYe.jpg 2,230,346,286,364, 0,58,
./eval/jKl4Az09.jpg 2,352,225,346,0, 3,393,
./eval/EZxgsvk0.jpg 0,107,75,77,15, 2,280,
./eval/lCHWb4f7.jpg 2,3,0,378,324, 0,103,
./eval/esPgW9vh.jpg 2,231,343,284,323, 1,171,
./eval/cUOBndjX.jpg 0,107,2,94,355, 2,355,
./eval/dODaVrBA.jpg 0,2,275,45,49, 2,275,
./eval/dKJPglUQ.jpg 0,2,96,340,338, 2,340,
./eval/JNpzyfXg.jpg 1,212,205,207,206, 2,225,
./eval/Y6sdb3Kc.jpg 133,1,2,160,212, 0,36,
./eval/FuTJjOAD.jpg 2,262,332,3,395, 1,169,
./eval/g0YfB4Xm.jpg 2,313,3,254,386, 3,389,
./eval/Y6kGRiCo.jpg 0,11,2,356,129, 2,347,
./eval/ixNl7z24.jpg 76,265,2,0,66, 0,76,
./eval/SgApjtDn.jpg 0,22,2,277,70, 2,254,
./eval/dVqEav5C.jpg 2,287,1,146,137, 1,214,
./eval/CX0OzMqG.jpg 0,2,33,117,50, 2,349,
./eval/dsTXEUlG.jpg 0,2,279,95,62, 2,276,
./eval/Cxf6Oesa.jpg 1,2,134,205,212, 2,343,
./eval/CTGyEMr8.jpg 0,2,3,358,83, 2,358,
./eval/BST8twus.jpg 2,258,0,3,265, 0,120,
./eval/l2ORx05J.jpg 1,165,207,205,174, 0,71,
./eval/e7WTaiJ5.jpg 87,0,339,2,1, 2,339,
./eval/oGXUfIyB.jpg 0,31,379,14,3, 3,378,
./eval/1SMTUlVL.jpg 0,3,390,113,380, 2,339,
./eval/AVNbuasU.jpg 38,0,2,28,104, 2,263,
./eval/iDqAQyKn.jpg 2,341,299,1,330, 0,117,
./eval/uovQgF6Y.jpg 242,2,81,0,335, 0,81,
./eval/YCJHuqhk.jpg 2,268,265,0,349, 0,85,
./eval/0YZBVEOu.jpg 2,262,360,322,244, 0,105,
./eval/QcvFEkLe.jpg 367,2,3,0,86, 3,367,
./eval/IurnMRcP.jpg 2,1,212,202,290, 1,142,
./eval/F2kWOgPL.jpg 250,373,2,3,325, 3,373,
./eval/Tlzq2JM6.jpg 2,136,1,3,212, 1,136,
./eval/KoQfYGAh.jpg 2,332,293,276,227, 0,46,
./eval/cLNhSuqG.jpg 277,2,0,30,54, 0,401,
./eval/FIKzH3i1.jpg 0,110,57,85,11, 2,230,
./eval/Pzd1NeIg.jpg 0,28,2,227,84, 2,299,
./eval/CT70HcGf.jpg 1,188,2,179,210, 0,40,
./eval/qrIXHCuB.jpg 79,0,2,231,225, 2,276,
./eval/NZOsvaRY.jpg 1,2,34,0,145, 2,225,
./eval/UjWg7teE.jpg 1,328,136,213,141, 2,238,
./eval/izCo9c3j.jpg 0,2,343,70,114, 3,389,
./eval/1tUHhcCp.jpg 0,111,53,40,75, 2,259,
./eval/pAxhQvPF.jpg 2,3,0,277,59, 0,113,
./eval/lLjT2odK.jpg 0,77,107,40,78, 2,355,
./eval/1oElVvNO.jpg 0,76,66,78,77, 3,394,
./eval/jFU1Jy57.jpg 0,2,100,273,126, 2,273,
./eval/MLyhd8OD.jpg 1,3,2,377,218, 3,392,
./eval/pYGIBs6J.jpg 321,2,264,247,275, 0,49,
./eval/kYiJrlG2.jpg 0,126,2,275,100, 2,275,
./eval/dF28ibZW.jpg 1,164,181,179,219, 2,347,
./eval/jo5D1VSi.jpg 2,323,0,32,301, 0,32,
./eval/MTaNhS4q.jpg 1,2,134,214,0, 2,303,
./eval/gv7J8z5s.jpg 0,82,21,2,307, 2,307,
./eval/bk9uQi2O.jpg 0,84,2,320,1, 2,320,
./eval/WKiapnGf.jpg 2,247,275,272,0, 0,126,
./eval/VYI5gO3A.jpg 3,2,381,270,0, 2,311,
./eval/xFkCoI8h.jpg 312,2,1,0,291, 1,182,
./eval/sBKvGoaT.jpg 0,85,39,317,2, 2,317,
./eval/mbtPk4ve.jpg 0,3,379,50,2, 3,379,
./eval/58gZxHeP.jpg 2,266,3,322,237, 3,376,
./eval/4t51La8E.jpg 332,2,3,375,268, 3,374,
./eval/IjScBpgn.jpg 2,224,0,332,43, 0,58,
./eval/9qf3Ak2K.jpg 0,31,1,3,137, 3,392,
./eval/g82AYh5U.jpg 2,0,46,298,335, 0,46,
./eval/IMpT79RC.jpg 0,79,2,277,70, 2,277,
./eval/BYnTPDfH.jpg 0,66,78,128,40, 3,386,
./eval/xLghIiM3.jpg 2,1,354,0,364, 1,206,
./eval/spZzfxNW.jpg 0,30,19,2,283, 2,283,
./eval/caivdZ2K.jpg 2,234,112,245,0, 0,112,
./eval/1A3s7EPj.jpg 2,299,213,1,320, 1,213,
./eval/fpJXdB6y.jpg 88,0,3,2,25, 2,293,
./eval/st0DoT9V.jpg 265,2,76,0,66, 0,76,
./eval/znZIB2qE.jpg 2,341,0,34,73, 1,213,
./eval/uvgAYt9r.jpg 3,368,2,0,58, 2,276,
./eval/DwlLWPYg.jpg 0,100,126,2,45, 2,275,
./eval/2TFHS4C9.jpg 2,317,235,266,268, 0,73,
./eval/Xq2JExBg.jpg 2,1,303,212,202, 1,212,
./eval/BfxPTtpo.jpg 0,75,115,77,107, 2,340,
./eval/PSxwdevC.jpg 1,161,348,215,197, 2,348,
./eval/Zhj9P207.jpg 254,2,313,3,386, 3,374,
./eval/XdQlr7hZ.jpg 2,0,289,288,239, 1,213,
./eval/HybVpIUR.jpg 2,258,0,354,335, 0,81,
./eval/c4Z5j9BN.jpg 1,152,180,2,160, 2,261,
./eval/sbd7931U.jpg 2,3,349,397,235, 3,397,
./eval/l2fK3WnS.jpg 2,222,3,267,385, 3,385,
./eval/trMUaAqR.jpg 2,294,281,227,0, 0,63,
./eval/EXhY5w1q.jpg 2,313,254,257,343, 3,374,
./eval/zFUKfdC4.jpg 0,2,353,99,45, 2,353,
./eval/8AgvIUBV.jpg 0,2,41,1,99, 2,290,
./eval/SfTkdaXm.jpg 2,354,0,283,30, 0,30,
./eval/5eTwVpNJ.jpg 2,276,0,363,279, 0,44,
./eval/n4ZQX27S.jpg 215,0,1,124,49, 1,215,
./eval/W6bI1THU.jpg 0,100,126,2,275, 2,275,
./eval/YiFlMfC0.jpg 2,271,346,268,286, 0,17,
./eval/CeUL9upG.jpg 0,3,317,368,58, 3,395,
./eval/AzPbF69g.jpg 2,253,3,258,249, 0,106,
./eval/jSDzgUFW.jpg 16,0,61,233,22, 2,224,
./eval/bMjRlkZ5.jpg 2,0,356,38,340, 0,38,
./eval/x3Ygb0Cc.jpg 2,250,0,237,248, 0,402,
./eval/XLf1bQFV.jpg 0,106,54,2,114, 2,346,
./eval/IAhMwXml.jpg 0,3,2,387,14, 3,366,
./eval/mcaqv9Ne.jpg 2,1,231,212,135, 1,212,
./eval/eIjisun3.jpg 2,258,255,0,354, 0,30,
./eval/2CNponDL.jpg 3,2,366,0,245, 2,245,
./eval/q6QtuznW.jpg 2,254,313,3,248, 3,374,
./eval/3ZlnF92q.jpg 2,343,0,323,266, 1,214,
./eval/LjpBJf5T.jpg 0,85,317,2,268, 2,317,
./eval/PoYFlzfi.jpg 85,0,2,67,242, 2,307,
./eval/M7qASeEG.jpg 0,120,350,121,2, 2,350,
./eval/sZBOYVKa.jpg 0,372,2,324,3, 3,372,
./eval/kvIidBZV.jpg 362,2,1,0,50, 0,74,
./eval/bZw1hIGJ.jpg 85,0,268,2,317, 2,317,
./eval/mZXbGUHg.jpg 2,1,160,183,332, 0,48,
./eval/KumTLxPh.jpg 0,2,318,364,366, 2,318,
./eval/yanLqbjR.jpg 1,133,160,201,214, 2,298,
./eval/1xj9bLMg.jpg 135,1,2,356,115, 2,301,
./eval/7Bvdq6pP.jpg 2,74,0,244,281, 0,37,
./eval/T6LKUvIN.jpg 0,67,69,2,66, 3,382,
./eval/fkucwqb9.jpg 2,277,0,22,70, 0,49,
./eval/jZ9A2i7r.jpg 0,397,3,117,56, 3,397,
./eval/gaRWciE5.jpg 3,1,171,0,207, 0,78,
./eval/FzS0tDOu.jpg 3,369,398,374,394, 0,67,
./eval/czH642LW.jpg 0,42,2,16,353, 2,353,
./eval/235V7jmv.jpg 3,2,0,366,372, 0,41,
./eval/M9B1GcOa.jpg 0,2,126,275,100, 2,275,
./eval/iyRvOZS2.jpg 2,266,301,323,277, 1,146,
./eval/OYjMTLVm.jpg 3,228,2,377,392, 2,228,
./eval/NySEMK7z.jpg 1,303,2,212,301, 2,303,
./eval/nqEF4Y7z.jpg 2,1,157,275,3, 1,157,
./eval/70u2ePxQ.jpg 2,342,0,3,1, 0,123,
./eval/ChV40gFy.jpg 0,69,267,85,67, 2,267,
./eval/JAVXcaLM.jpg 291,2,1,138,166, 1,153,
./eval/GAN10F6t.jpg 0,77,1,34,78, 1,148,
./eval/3g2edlWO.jpg 0,40,2,352,307, 2,245,
./eval/YA04k9ta.jpg 87,0,2,10,1, 2,364,
./eval/mXJO74u2.jpg 0,1,27,160,2, 1,160,
./eval/przmYXZ2.jpg 0,278,2,362,50, 2,278,
./eval/cT8jn7rw.jpg 0,2,16,3,42, 2,295,
./eval/7ZykwEMr.jpg 0,123,371,3,62, 3,387,
./eval/9wnDiSa3.jpg 2,3,395,368,222, 3,368,
./eval/QOMGm0kf.jpg 1,2,197,135,175, 2,348,
./eval/mFuzLGMa.jpg 1,218,149,190,153, 2,287,
./eval/Nx02DeAU.jpg 2,332,286,255,235, 0,17,
./eval/8Qdojfe6.jpg 66,0,69,2,67, 2,311,
./eval/DARpHQmS.jpg 263,2,0,334,38, 0,100,
./eval/egAt3VMl.jpg 2,0,1,193,3, 1,193,
./eval/fEDFjsWu.jpg 0,43,42,2,44, 2,224,
./eval/tbzqhK6f.jpg 2,3,375,241,317, 1,171,
./eval/4JQWz5EV.jpg 84,0,1,2,365, 2,247,
./eval/y7dn4BRf.jpg 2,313,254,248,257, 3,374,
./eval/7YQyduKr.jpg 0,2,25,53,242, 2,242,
./eval/6F2qTaiO.jpg 0,2,105,63,43, 2,360,
./eval/ObKl43Aq.jpg 3,2,397,317,395, 2,266,
./eval/ti73aTpo.jpg 1,74,0,166,189, 0,5,
./eval/KLgCNXvi.jpg 1,180,176,149,198, 0,113,
./eval/o8fCWVU0.jpg 2,0,242,34,276, 1,150,
./eval/jhZPonv9.jpg 1,2,276,167,225, 2,225,
./eval/mzqA5bB0.jpg 0,7,46,2,323, 2,251,
./eval/fKvJPuzE.jpg 114,323,2,0,273, 0,114,
./eval/A0VZuiJs.jpg 1,147,182,287,2, 2,287,
./eval/71LxeNw4.jpg 0,12,106,81,13, 2,318,
./eval/EhTRtv2m.jpg 0,2,9,108,117, 2,295,
./eval/gDMIVoGH.jpg 3,381,2,395,319, 2,231,
./eval/GHPvRmFn.jpg 2,0,1,133,128, 1,133,
./eval/KUOBM2eT.jpg 1,155,194,2,158, 2,231,
./eval/3hFVSo6j.jpg 1,287,2,290,182, 2,287,
./eval/ZnUSbLk1.jpg 1,2,339,181,0, 2,339,
./eval/bcaq1oef.jpg 2,0,265,76,66, 3,369,
./eval/F86fsKWT.jpg 2,255,354,285,0, 0,9,
./eval/KYHZWLXh.jpg 2,1,160,255,307, 0,85,
./eval/F6JCtniM.jpg 0,263,2,38,28, 2,263,
./eval/5hRMpSJF.jpg 1,166,2,230,159, 2,358,
./eval/pJflEsMC.jpg 2,1,304,133,356, 1,214,
./eval/E8IflTiO.jpg 0,2,236,16,54, 2,295,
./eval/t2scNSxH.jpg 2,320,0,98,264, 0,84,
./eval/GVJTdCyH.jpg 0,32,80,18,31, 2,235,
./eval/kdNeyYxG.jpg 0,2,359,128,78, 2,359,
./eval/HjFBZc7t.jpg 339,1,2,137,259, 0,40,
./eval/UverFRfZ.jpg 2,297,283,363,318, 0,50,
./eval/JgbFL9MU.jpg 0,2,128,237,385, 3,385,
./eval/ObPjSyti.jpg 0,2,40,43,85, 2,358,
./eval/4qINFuiZ.jpg 76,0,265,2,66, 2,265,
./eval/eUfLm8kl.jpg 2,388,346,3,222, 3,388,
./eval/94MlWyoG.jpg 3,395,397,2,370, 0,17,
./eval/ZgRft9PL.jpg 1,149,3,176,147, 2,332,
./eval/5URbSapF.jpg 1,152,2,0,135, 0,117,
./eval/RSvJG2Wj.jpg 1,140,161,150,166, 2,290,
./eval/VsaztkwD.jpg 0,43,332,2,105, 2,332,
./eval/5SudG1BJ.jpg 0,2,82,79,231, 2,286,
./eval/wCHRTLQA.jpg 2,332,43,260,0, 0,43,
./eval/HL6QmwVI.jpg 1,147,220,207,158, 2,262,
./eval/Wt9Owr2n.jpg 2,0,297,319,103, 0,103,
./eval/COpo5xrW.jpg 2,302,231,241,3, 3,395,
./eval/6uBAeo1V.jpg 1,259,2,155,152, 2,259,
./eval/dtivWkSp.jpg 0,2,250,101,310, 3,391,
./eval/Zip2TSb6.jpg 0,77,107,34,75, 2,231,
./eval/vaNdAy1K.jpg 0,119,2,1,64, 3,390,
./eval/Co4aBgbv.jpg 2,1,0,3,332, 0,71,
./eval/pKCdzuEa.jpg 0,2,318,31,14, 2,318,
./eval/6yFgoQVU.jpg 0,117,2,70,276, 2,279,
./eval/mJVXk5OU.jpg 1,194,149,190,178, 3,368,
./eval/e5Ksfx7A.jpg 1,155,2,152,188, 2,259,
./eval/yL0UbjoS.jpg 0,129,110,11,90, 2,335,
./eval/Sgy18JAK.jpg 2,1,300,205,299, 1,205,
./eval/UtLnMKpC.jpg 2,0,169,290,312, 0,42,
./eval/gijFISZf.jpg 0,2,3,233,318, 3,378,
./eval/YyKTl3SV.jpg 3,2,0,330,369, 2,325,
./eval/aStGNg5H.jpg 2,0,34,245,349, 0,34,
./eval/PqsOLGja.jpg 3,370,0,2,322, 2,322,
./eval/DAV1IaJN.jpg 181,1,2,179,339, 2,339,
./eval/KNtXAjkl.jpg 0,82,71,62,21, 2,225,
./eval/JTVarydH.jpg 1,3,2,392,303, 3,392,
./eval/sDQh3Ujl.jpg 0,1,2,22,219, 1,219,
./eval/D70kdIM2.jpg 2,1,189,0,286, 0,85,
./eval/Sr8IgUKR.jpg 0,124,2,266,330, 3,373,
./eval/QIqxkrOU.jpg 2,237,8,0,325, 3,373,
./eval/9C1uZFtE.jpg 294,2,281,63,328, 0,63,
./eval/WCMqRdjx.jpg 2,286,255,0,135, 0,85,
./eval/m4Vb1LqG.jpg 2,355,314,340,1, 1,171,
./eval/3Je4aXOG.jpg 2,237,325,250,8, 0,8,
./eval/r9MtbWQU.jpg 339,2,1,40,0, 0,40,
./eval/2RTgmFxn.jpg 1,2,178,142,270, 2,270,
./eval/76rMz4AJ.jpg 0,29,380,2,3, 3,380,
./eval/jHDSZehR.jpg 0,2,6,96,245, 2,226,
./eval/bsaANfpL.jpg 0,2,242,85,94, 1,152,
./eval/4wes7XNx.jpg 3,2,370,371,322, 2,335,
./eval/OBFtimoh.jpg 0,2,297,319,310, 2,313,
./eval/tK2COBEa.jpg 2,312,1,348,316, 1,161,
./eval/zkHKIC1W.jpg 2,277,373,0,3, 3,373,
./eval/wdsJMk9v.jpg 254,2,3,386,248, 3,383,
./eval/uQLU27ei.jpg 0,2,320,49,247, 2,275,
./eval/7tJDRUPZ.jpg 0,66,67,386,111, 2,254,
./eval/3nEhUoTu.jpg 1,169,185,208,213, 2,299,
./eval/GmbaeiP5.jpg 2,281,297,301,298, 0,28,
./eval/ljA0HTai.jpg 0,81,5,2,88, 2,242,
./eval/aenErGNP.jpg 2,281,301,244,294, 0,124,
./eval/djcAMgPL.jpg 0,2,310,362,68, 2,362,
./eval/3sGF2nUZ.jpg 2,255,0,258,354, 0,11,
./eval/5ncQdXA8.jpg 2,0,171,1,302, 0,34,
./eval/8umYIb0S.jpg 2,276,0,279,117, 0,34,
./eval/XtFKY4Um.jpg 0,11,17,120,94, 1,149,
./eval/kt7Hsgzc.jpg 2,356,256,152,1, 0,117,
./eval/zZGUsym0.jpg 2,293,0,227,323, 1,215,
./eval/hg5ejsT2.jpg 2,279,1,276,206, 1,206,
./eval/HveGqsnM.jpg 0,37,74,1,5, 1,214,
./eval/EYi2WG3r.jpg 2,341,0,1,75, 0,75,
./eval/FtaBEvZo.jpg 1,0,172,34,77, 0,77,
./eval/LoGrqOw9.jpg 0,2,245,226,49, 2,303,
./eval/RVGJqytT.jpg 2,364,1,148,0, 1,206,
./eval/bEG7RDmS.jpg 2,3,284,300,1, 1,161,
./eval/LZq3GC70.jpg 0,22,62,3,108, 3,387,
./eval/hSCBkFHc.jpg 313,2,3,343,254, 3,374,
./eval/1IJSVy8N.jpg 0,85,81,57,12, 2,317,
./eval/Y0eWS75p.jpg 0,74,1,37,94, 2,274,
./eval/az2GcFXQ.jpg 2,0,261,283,354, 0,9,
./eval/ApXViH0R.jpg 2,277,272,266,373, 0,45,
./eval/uHc3BeG7.jpg 2,258,253,356,335, 0,34,
./eval/MNYWIqcE.jpg 171,2,0,1,284, 1,145,
./eval/9G2RPzNt.jpg 0,2,273,13,277, 2,273,
./eval/0rUZWKcM.jpg 2,339,1,290,140, 1,182,
./eval/eRl0JYiU.jpg 2,128,385,359,0, 3,385,
./eval/oehvkSW6.jpg 0,1,2,84,113, 2,339,
./eval/X2o0a31F.jpg 1,2,312,197,136, 2,304,
./eval/W9asF6fv.jpg 2,0,7,357,332, 0,50,
./eval/kHPEI9Zj.jpg 0,2,225,64,276, 2,276,
./eval/8QMuUfeF.jpg 263,2,169,0,1, 1,169,
./eval/tBeGjvyK.jpg 2,0,71,352,225, 0,71,
./eval/k1q5vhJW.jpg 2,0,1,309,219, 0,5,
./eval/Mz4vUYxp.jpg 0,75,340,2,115, 2,340,
./eval/UlJW6y7Y.jpg 2,325,327,249,296, 0,34,
./eval/SiqBkwmF.jpg 0,120,2,19,45, 2,321,
./eval/jmqWeLKR.jpg 0,2,349,245,289, 2,302,
./eval/h56dtkeE.jpg 0,2,83,123,223, 2,223,
./eval/2LHRydbN.jpg 2,254,222,267,0, 3,374,
./eval/wgbn6S5E.jpg 0,105,65,63,2, 2,233,
./eval/LT9Onq6V.jpg 0,2,100,258,1, 2,258,
./eval/Fhotmslk.jpg 0,247,2,28,38, 2,320,
./eval/ZNueoWmA.jpg 1,2,155,171,145, 2,341,
./eval/sPN93axD.jpg 0,100,2,274,32, 2,274,
./eval/lsF46k2P.jpg 0,2,98,310,84, 2,310,
./eval/AUmNFYbG.jpg 0,2,358,8,62, 2,358,
./eval/yAtM01qr.jpg 1,2,139,276,352, 2,225,
./eval/6csomplg.jpg 0,2,1,201,281, 1,201,
./eval/duhO2EL1.jpg 1,2,160,152,181, 2,298,
./eval/hfPwi8EU.jpg 0,126,275,100,2, 2,275,
./eval/c1vOBtE7.jpg 0,2,1,338,40, 2,323,
./eval/AWxVULMP.jpg 258,2,1,169,0, 1,134,
./eval/G3rnqo8X.jpg 0,2,72,43,1, 1,219,
./eval/Mk1ZIR9y.jpg 0,13,123,11,47, 2,273,
./eval/nl9txWbN.jpg 0,67,2,40,34, 2,359,
./eval/RUY1bWa8.jpg 0,117,62,58,13, 2,259,
./eval/jQ1ARzWw.jpg 3,369,0,69,398, 0,67,
./eval/muYv2Azr.jpg 0,128,2,66,237, 2,237,
./eval/F8rS6ehK.jpg 250,3,2,373,325, 0,402,
./eval/PnSmVFGR.jpg 3,0,1,2,262, 1,193,
./eval/lgFBU5sm.jpg 0,2,100,126,264, 2,264,
./eval/fDBrdgyM.jpg 353,2,0,89,307, 0,21,
./eval/vfLHSask.jpg 2,222,3,1,0, 0,77,
./eval/rVKk3S7l.jpg 0,2,54,80,311, 2,310,
./eval/ROWS4YJA.jpg 322,2,384,263,3, 3,384,
./eval/lBSjCh0o.jpg 2,297,230,345,351, 0,58,
./eval/tZl3RFui.jpg 1,190,193,272,194, 3,368,
./eval/RMiQl5Bz.jpg 0,12,57,81,1, 2,264,
./eval/QgsMVHcw.jpg 0,28,104,38,2, 2,227,
./eval/BHMmuQIG.jpg 1,181,190,2,135, 2,339,
./eval/u83wpK2I.jpg 379,0,3,2,378, 3,379,
./eval/QsUuMT8N.jpg 1,133,146,201,2, 2,247,
./eval/9UKwQHPa.jpg 392,3,2,0,374, 2,258,
./eval/OkIcHzoq.jpg 3,2,284,395,377, 2,241,
./eval/cTHf04iQ.jpg 1,2,201,281,0, 0,43,
./eval/1lDg9wU3.jpg 2,0,354,81,277, 0,401,
./eval/AEOwiJSj.jpg 8,2,0,13,237, 0,8,
./eval/AoLO6tle.jpg 0,2,126,275,247, 2,275,
./eval/gmsRyYPK.jpg 0,66,8,130,67, 2,325,
./eval/l56PbUGY.jpg 2,276,225,356,0, 0,34,
./eval/NJ72oqR9.jpg 0,97,38,1,104, 2,309,
./eval/P8X1GNzr.jpg 160,1,2,0,283, 2,283,
./eval/KdEViDvh.jpg 0,2,12,106,318, 2,318,
./eval/Up7RN6in.jpg 2,0,395,3,313, 3,395,
./eval/L81NMTZU.jpg 66,0,69,222,3, 3,369,
./eval/0hdYInfG.jpg 71,0,1,212,205, 1,205,
./eval/LRFf1Mej.jpg 0,70,325,3,73, 1,212,
./eval/YR7DT56u.jpg 197,1,2,0,175, 2,336,
./eval/BtdKVwO8.jpg 2,247,0,272,275, 0,121,
./eval/3b2AaPQ9.jpg 3,377,1,392,218, 1,220,
./eval/9cGLSuBp.jpg 0,117,276,2,58, 2,339,
./eval/Ps9yKexg.jpg 2,396,3,397,0, 3,375,
./eval/HX4uVAIL.jpg 1,2,134,292,214, 2,292,
./eval/w7PC2AKc.jpg 0,3,2,98,99, 3,379,
./eval/HGtaF2zl.jpg 2,0,346,81,318, 0,120,
./eval/vMtPDSqC.jpg 0,66,69,67,2, 2,254,
./eval/KGAsbMlZ.jpg 17,0,2,43,112, 2,245,
./eval/jGpK4CWs.jpg 0,101,2,81,116, 3,373,
./eval/tw8S3VZp.jpg 0,316,2,96,287, 2,316,
./eval/tJ1HTp0k.jpg 2,242,1,134,214, 1,212,
./eval/VlaxgQKw.jpg 99,0,25,26,53, 2,335,
./eval/PTe0CoKv.jpg 0,68,87,90,59, 1,184,
./eval/RLAtircT.jpg 0,1,2,84,32, 1,213,
./eval/PtO8c0o9.jpg 0,128,2,30,81, 2,259,
./eval/PxJk64Bf.jpg 0,2,28,38,294, 2,281,
./eval/RuespcWk.jpg 2,1,348,221,135, 1,221,
./eval/atiWxgb3.jpg 0,10,93,90,95, 2,223,
./eval/0NyXKHwL.jpg 3,0,2,391,366, 0,13,
./eval/ziTWucja.jpg 2,222,0,66,76, 3,385,
./eval/Cb9NvhLO.jpg 0,3,2,1,353, 2,223,
./eval/eA0VDLyl.jpg 2,245,271,226,0, 0,44,
./eval/xosH8qKA.jpg 2,0,58,390,3, 0,43,
./eval/iUDYP7CJ.jpg 2,317,241,268,349, 0,85,
./eval/k8iuOCSX.jpg 2,63,0,1,264, 0,63,
./eval/q4f8VbwY.jpg 244,2,1,293,332, 0,39,
./eval/KlOnprA4.jpg 2,323,63,0,281, 0,63,
./eval/UMvrtFZI.jpg 2,1,219,0,161, 1,219,
./eval/DYe91s0g.jpg 350,2,295,0,324, 0,16,
./eval/XyUjvbZf.jpg 2,230,360,341,0, 0,17,
./eval/HijqaLsw.jpg 43,0,1,170,190, 1,208,
./eval/HCTrmKu0.jpg 2,286,0,226,103, 0,9,
./eval/3dhYp5V9.jpg 0,1,2,50,30, 2,258,
./eval/AxCrbndv.jpg 0,2,66,242,53, 2,274,
./eval/xuPSEvWa.jpg 2,0,394,128,383, 3,383,
./eval/vb3l0tmK.jpg 2,3,0,231,253, 0,12,
./eval/I71HVPmU.jpg 3,392,394,369,1, 2,252,
./eval/U2XpVNid.jpg 0,2,237,128,265, 2,237,
./eval/Ve9nFBMj.jpg 0,2,22,292,277, 2,311,
./eval/hKO9wqWx.jpg 0,2,94,43,262, 2,245,
./eval/gqbY4xIO.jpg 2,227,124,0,244, 0,124,
./eval/uQ2CqAay.jpg 1,213,208,0,320, 2,261,
./eval/gjQzyRMO.jpg 2,330,0,339,3, 0,94,
./eval/2YBWida5.jpg 0,24,6,2,61, 2,290,
./eval/rm9IPwhE.jpg 2,0,85,302,67, 0,67,
./eval/DbQ1iCae.jpg 0,2,295,22,117, 2,295,
./eval/N80cDEbZ.jpg 0,96,2,77,111, 2,290,
./eval/cNQM8YsT.jpg 146,1,2,133,137, 2,272,
./eval/MQOGJRgz.jpg 2,254,3,386,0, 0,67,
./eval/P5vCyXiJ.jpg 2,1,206,341,279, 1,206,
./eval/g6lXPJLn.jpg 2,0,85,311,229, 1,179,
./eval/eTiaSzms.jpg 1,177,137,193,178, 2,312,
./eval/2tUh1Fbp.jpg 2,268,396,349,266, 3,368,
./eval/wJyjsdLk.jpg 2,303,1,137,301, 1,177,
./eval/CzJDgrFc.jpg 2,299,256,1,171, 1,155,
./eval/Up9B0Vsj.jpg 0,2,362,1,53, 2,362,
./eval/HAVcr37u.jpg 317,0,85,2,268, 2,317,
./eval/PfvqKcg3.jpg 2,255,244,332,293, 1,160,
./eval/IqN9V0zD.jpg 1,149,210,168,184, 3,392,
./eval/WLdBSo3H.jpg 0,2,244,124,283, 2,323,
./eval/hv6WMXR1.jpg 1,139,231,157,2, 2,231,
./eval/SZEks6xC.jpg 0,2,120,49,45, 1,169,
./eval/RUbPmgNw.jpg 2,34,1,0,180, 1,180,
./eval/CUFAiJu5.jpg 2,222,266,237,335, 0,18,
./eval/HJpVhU4o.jpg 27,0,2,3,288, 1,142,
./eval/AGcFmvf7.jpg 3,392,2,377,373, 2,252,
./eval/97iSesGy.jpg 2,284,332,299,317, 0,85,
./eval/JjZKxtPg.jpg 236,0,2,101,103, 2,236,
./eval/h3DdlLyM.jpg 181,1,2,339,179, 2,339,
./eval/GP6k0vWh.jpg 1,158,147,214,198, 2,287,
./eval/MWCLIgBZ.jpg 396,2,317,3,0, 3,375,
./eval/ub2YOnmr.jpg 0,258,2,128,101, 2,258,
./eval/PH7qwFlj.jpg 1,171,3,386,145, 3,369,
./eval/BZFAIUi1.jpg 1,189,2,298,187, 2,298,
./eval/hwMsKYyE.jpg 3,368,0,2,395, 1,169,
./eval/138ip9Ik.jpg 2,3,1,377,302, 1,136,
./eval/kImMSwQT.jpg 1,135,2,213,356, 2,356,
./eval/J8P3odUc.jpg 0,107,25,81,130, 2,242,
./eval/n5KMcgux.jpg 1,174,182,2,287, 2,312,
./eval/STZcgtMO.jpg 2,0,42,295,229, 1,206,
./eval/qyv0bH9W.jpg 2,105,63,0,323, 0,63,
./eval/iO0pUV7I.jpg 1,188,197,2,213, 2,356,
./eval/hVmQoySe.jpg 1,0,136,63,38, 2,252,
./eval/K9twxlbf.jpg 2,338,224,295,350, 1,170,
./eval/Ma8Lhu7Y.jpg 0,33,29,85,2, 2,256,
./eval/BiWhMSu0.jpg 3,0,369,117,59, 0,402,
./eval/vCGWt9l7.jpg 0,2,13,11,114, 2,353,
./eval/WR0Eb2vc.jpg 0,94,85,2,129, 2,339,
./eval/IBxDpg54.jpg 0,2,341,126,354, 2,283,
./eval/Tb8rLwUG.jpg 2,332,0,58,43, 3,390,
./eval/Kt0hdp1Q.jpg 2,0,13,226,3, 0,73,
./eval/X3Uaf10M.jpg 1,211,0,203,221, 2,348,
./eval/M73toQxm.jpg 0,371,3,123,2, 3,371,
./eval/qh7KCouY.jpg 261,2,310,314,283, 0,120,
./eval/STOrtqIG.jpg 1,365,331,2,0, 2,331,
./eval/RUki5fp2.jpg 3,0,366,396,390, 2,266,
./eval/f2NQYSJx.jpg 111,0,259,2,67, 2,259,
./eval/FBWKzvfm.jpg 2,3,367,0,303, 3,367,
./eval/TVUF7yQ9.jpg 2,1,338,313,362, 0,98,
./eval/Jf8mOv5i.jpg 0,3,76,2,66, 3,369,
./eval/YDXoCrp9.jpg 0,2,13,3,279, 2,279,
./eval/TnZQL2Ud.jpg 0,97,2,74,85, 2,333,
./eval/GughQzy2.jpg 0,85,81,88,25, 2,317,
./eval/WOLSDxA5.jpg 0,1,103,98,88, 2,313,
./eval/KktqFmvx.jpg 182,1,211,149,169, 2,287,
./eval/aKWg8nRk.jpg 2,0,254,257,266, 0,74,
./eval/LsWw4ge0.jpg 0,397,3,62,83, 3,397,
./eval/GvlZFrJs.jpg 2,0,265,66,369, 3,385,
./eval/jeO5EGSK.jpg 96,0,2,290,117, 2,290,
./eval/DAcjYBFC.jpg 0,85,317,2,268, 2,317,
./eval/KZoFXWbn.jpg 2,0,230,58,13, 0,117,
./eval/TUjieHrq.jpg 2,0,256,1,117, 0,125,
./eval/u6HbwFIt.jpg 2,364,303,1,3, 3,397,
./eval/3FiMEqvX.jpg 1,161,197,184,348, 2,348,
./eval/IQOqR7Tu.jpg 3,2,368,385,395, 0,70,
./eval/kHMhLXVS.jpg 2,0,363,5,74, 0,5,
./eval/idc76gQR.jpg 2,356,0,353,344, 0,125,
./eval/Tb32ahV9.jpg 3,2,368,0,338, 2,337,
./eval/efRiJ5Aw.jpg 2,275,0,126,100, 0,126,
./eval/FpYv29P7.jpg 2,225,0,34,356, 0,34,
./eval/rGSD3U0d.jpg 0,117,43,2,309, 2,353,
./eval/0DZA7MrK.jpg 2,364,292,273,323, 0,114,
./eval/R6HG7WC8.jpg 2,348,316,197,1, 1,197,
./eval/Obt0SrXP.jpg 1,2,290,216,179, 2,339,
./eval/D4ReZJE7.jpg 0,2,1,22,338, 2,237,
./eval/1rC89qzA.jpg 2,323,0,114,273, 0,114,
./eval/oMVWXYvh.jpg 2,353,0,263,227, 0,4,
./eval/1Zn2sIfj.jpg 2,224,351,319,313, 3,378,
./eval/2rCXVuEn.jpg 0,128,2,40,1, 2,256,
./eval/F2qHg4wt.jpg 2,0,105,332,268, 0,43,
./eval/9SaR0Tcs.jpg 130,0,2,31,26, 2,242,
./eval/PeFUwDJW.jpg 3,2,292,373,364, 2,252,
./eval/hpsnjPrd.jpg 3,378,381,0,31, 0,31,
./eval/EhLGI5fi.jpg 0,23,2,367,3, 2,266,
./eval/A8fBplyg.jpg 2,51,43,3,58, 0,58,
./eval/3FmpVSMn.jpg 322,2,3,370,292, 3,370,
./eval/ceJXOwx7.jpg 0,276,2,44,279, 2,276,
./eval/RhpGOoKP.jpg 2,0,3,103,288, 3,393,
./eval/jh8F7seX.jpg 0,89,83,85,21, 2,307,
./eval/XBsYyoQD.jpg 2,1,0,352,45, 1,145,
./eval/oORXr1u4.jpg 307,2,288,332,236, 3,369,
./eval/GEJM20cU.jpg 0,110,123,13,121, 2,273,
./eval/Zn813Agb.jpg 0,2,235,117,317, 2,235,
./eval/FxuDZozs.jpg 0,2,42,353,43, 1,165,
./eval/8ogpLS5E.jpg 2,262,3,341,300, 1,171,
./eval/ImFDdhcw.jpg 2,284,300,231,302, 1,134,
./eval/mqPI7XN3.jpg 2,94,0,344,307, 0,94,
./eval/UxNVZDQ1.jpg 2,254,313,248,257, 3,382,
./eval/gGRTAdYm.jpg 2,292,266,317,309, 0,85,
./eval/FxbC072J.jpg 265,76,2,0,66, 0,76,
./eval/fTFrjsEZ.jpg 0,126,100,274,2, 2,274,
./eval/vN9g8taf.jpg 297,2,0,345,363, 0,96,
./eval/P0wvRldT.jpg 2,3,327,249,230, 3,396,
./eval/9SRvuT7y.jpg 341,1,2,0,259, 2,341,
./eval/Dn4YZTxR.jpg 0,12,277,366,2, 2,277,
./eval/4JXS8FRv.jpg 1,137,2,339,140, 2,338,
./eval/QypZwrjv.jpg 0,2,120,318,338, 2,338,
./eval/6Px2w7QG.jpg 2,254,222,3,374, 3,374,
./eval/uW3Xlo1Y.jpg 2,313,254,3,343, 3,374,
./eval/uqoprM24.jpg 140,1,181,161,339, 2,339,
./eval/AQR2B9JX.jpg 0,54,9,103,116, 2,261,
./eval/hTCsmLKH.jpg 381,3,378,395,391, 2,297,
./eval/SHjZGQ7w.jpg 2,311,289,318,323, 0,84,
./eval/WpheJ3IL.jpg 2,1,264,364,334, 1,214,
./eval/8y5P9QcD.jpg 2,272,275,0,126, 0,126,
./eval/qXtfx0iB.jpg 317,388,2,3,368, 3,368,
./eval/pgYMCuOX.jpg 0,130,53,2,50, 2,362,
./eval/Bpnhe9si.jpg 0,75,77,15,107, 1,155,
./eval/ViRnqTYy.jpg 0,29,2,1,309, 1,164,
./eval/f0Rq3J4j.jpg 1,0,2,207,5, 2,309,
./eval/L7VFfsZ3.jpg 0,2,1,118,342, 2,342,
./eval/KMFocGdL.jpg 2,339,225,356,276, 0,34,
./eval/M2uI35oG.jpg 2,1,3,392,258, 3,392,
./eval/BRgPf9EY.jpg 0,2,110,3,118, 2,277,
./eval/OcZjCXU5.jpg 2,322,284,266,292, 3,370,
./eval/zCBuxEvT.jpg 1,210,2,260,167, 2,266,
./eval/2WzyE53B.jpg 2,242,297,0,268, 0,73,
./eval/N6AMjU8u.jpg 2,0,307,94,353, 0,94,
./eval/pHYyK4NT.jpg 2,341,1,175,314, 1,172,
./eval/xzM9DFlm.jpg 0,99,130,26,98, 2,335,
./eval/bUDi1rN9.jpg 0,2,33,84,1, 2,343,
./eval/DEZvxTMX.jpg 2,136,0,1,329, 1,136,
./eval/akM9IYh8.jpg 2,0,100,258,244, 0,100,
./eval/HNg2bMSK.jpg 2,281,294,332,244, 0,63,
./eval/XL6Btw9Q.jpg 2,263,1,137,177, 1,177,
./eval/crZyPY8L.jpg 0,2,263,26,99, 2,263,
./eval/iL6Ra4U7.jpg 340,2,355,341,0, 0,77,
./eval/fJSkQ9tR.jpg 1,161,170,0,2, 2,290,
./eval/9OGcoHtT.jpg 2,279,241,297,230, 3,377,
./eval/8OSvUoEc.jpg 2,281,294,301,328, 0,28,
./eval/FdV14Wc2.jpg 3,389,395,368,2, 2,313,
./eval/RemzlSJY.jpg 1,207,171,3,0, 3,369,
./eval/clyS4Jg5.jpg 2,298,1,244,288, 1,201,
./eval/AmfOYuGz.jpg 1,270,169,178,2, 2,270,
./eval/V5nfHJaZ.jpg 2,0,342,344,237, 0,128,
./eval/hI3RQWKJ.jpg 2,0,47,13,117, 0,123,
./eval/QP0RIsen.jpg 2,301,230,323,303, 0,65,
./eval/NIUQE6wf.jpg 317,2,3,388,346, 3,395,
./eval/6h4EDw5n.jpg 2,332,1,300,289, 1,205,
./eval/sV7Jvpi9.jpg 2,304,290,287,0, 1,189,
./eval/xf0soQTM.jpg 2,1,321,0,160, 1,160,
./eval/OJLjeWbA.jpg 2,1,287,146,0, 1,146,
./eval/TcsvPSAi.jpg 1,192,207,212,184, 2,298,
./eval/idLqQGov.jpg 0,2,247,282,100, 1,169,
./eval/yG6jkpu8.jpg 0,371,3,123,12, 3,371,
./eval/dy60ekGm.jpg 0,2,30,335,274, 2,335,
./eval/DkVZt3ln.jpg 0,96,2,352,111, 2,339,
./eval/UQsBi0d2.jpg 0,66,78,111,3, 2,358,
./eval/OD1RTcdo.jpg 283,0,2,32,310, 2,283,
./eval/lBcLKEnj.jpg 1,181,189,179,0, 2,339,
./eval/kxDJoVZd.jpg 0,85,81,57,2, 2,317,
./eval/qZHeo50v.jpg 0,2,85,241,302, 2,268,
./eval/FqyBs49J.jpg 0,34,77,1,2, 1,172,
./eval/FjrmZJSE.jpg 1,2,171,210,300, 2,279,
./eval/CL1ubIlY.jpg 0,42,2,43,84, 2,313,
./eval/QxBqPWnR.jpg 2,321,0,258,45, 1,160,
./eval/VOgy9xem.jpg 1,170,161,184,197, 2,348,
./eval/WxpEFr7Y.jpg 2,0,3,377,258, 1,160,
./eval/p3R7tvBE.jpg 43,0,332,2,3, 2,332,
./eval/EanLjHJz.jpg 273,0,13,2,47, 2,273,
./eval/m3qhIalJ.jpg 219,2,1,0,216, 1,219,
./eval/zkwjsiOt.jpg 0,96,117,339,113, 2,339,
./eval/wZo8PXSy.jpg 3,41,370,0,397, 0,41,
./eval/Mz2cirIZ.jpg 2,286,255,235,226, 0,58,
./eval/yTJvzMs6.jpg 291,1,2,195,197, 2,291,
./eval/vfVQutKX.jpg 3,2,397,258,0, 2,361,
./eval/uOnCKAvQ.jpg 0,2,258,130,120, 2,258,
./eval/YCFbMguj.jpg 33,0,32,117,2, 2,276,
./eval/QFLD31XC.jpg 0,322,117,2,3, 3,370,
./eval/RPXKwgTr.jpg 0,2,69,339,66, 2,259,
./eval/0X9FvKqW.jpg 0,13,58,62,366, 3,371,
./eval/kh9fSa1P.jpg 0,12,110,99,81, 2,277,
./eval/9hPIdjVT.jpg 235,2,0,244,1, 1,163,
./eval/Vtub0BEL.jpg 0,72,40,41,94, 2,307,
./eval/hL6z9cgO.jpg 0,43,42,2,309, 2,309,
./eval/GQF8tznJ.jpg 2,242,303,260,335, 0,84,
./eval/301Un2NG.jpg 2,310,265,349,268, 3,369,
./eval/kEL2KVPh.jpg 0,126,100,2,49, 2,335,
./eval/yi2FAHzL.jpg 2,0,224,289,332, 0,43,
./eval/593ZlXfQ.jpg 2,171,343,1,3, 1,171,
./eval/dJGmF9bL.jpg 307,2,288,332,236, 3,366,
./eval/eniuXDdB.jpg 2,1,161,348,157, 1,173,
./eval/NeT1jGxf.jpg 2,247,0,272,275, 0,126,
./eval/SqLDib70.jpg 11,0,2,93,286, 2,230,
./eval/4hrVLNEQ.jpg 2,247,275,272,246, 0,45,
./eval/JZWm8bt1.jpg 1,200,206,142,136, 2,289,
./eval/kAoG1zau.jpg 0,2,224,43,1, 2,224,
./eval/k3anfhAo.jpg 0,2,347,43,312, 2,347,
./eval/cJlHMo0d.jpg 1,300,2,207,205, 2,300,
./eval/7r3BhaNy.jpg 2,299,0,113,330, 1,171,
./eval/agRKtozU.jpg 2,1,284,247,161, 0,30,
./eval/T6oeKUY9.jpg 0,25,26,50,12, 3,379,
./eval/Ot5CAJwl.jpg 0,28,2,282,227, 2,229,
./eval/2ZYcxhUM.jpg 0,126,2,275,100, 2,275,
./eval/a5684zAh.jpg 0,81,3,366,372, 3,366,
./eval/Uq7Ibhax.jpg 1,2,341,148,225, 2,341,
./eval/2k83GUPZ.jpg 2,3,313,254,374, 3,395,
./eval/jATSwGct.jpg 1,290,182,2,287, 2,290,
./eval/3wvUEinl.jpg 2,332,262,293,266, 1,161,
./eval/JzRl0iLv.jpg 244,0,2,38,293, 2,244,
./eval/zqSV5rFR.jpg 0,117,111,42,40, 2,259,
./eval/F0txnAIg.jpg 0,2,100,45,246, 2,246,
./eval/qVmrKG1W.jpg 2,0,282,100,247, 0,100,
./eval/hvYZ147p.jpg 3,2,392,0,1, 2,252,
./eval/TmRkW3G9.jpg 3,0,70,385,370, 2,322,
./eval/zgFboIpH.jpg 3,375,332,395,2, 2,300,
./eval/i4cUMYJ6.jpg 0,81,364,2,30, 2,344,
./eval/Oi4v6gpo.jpg 0,121,17,30,106, 2,236,
./eval/ulFMV9tL.jpg 317,2,0,85,235, 0,85,
./eval/qBrlKhfV.jpg 38,0,28,2,63, 2,331,
./eval/kdfrRqS6.jpg 3,2,359,385,396, 2,359,
./eval/ArRhvZxO.jpg 242,2,0,81,335, 0,31,
./eval/yFvasGKo.jpg 0,66,128,8,2, 2,237,
./eval/3VnFZh6u.jpg 2,1,304,287,334, 1,212,
./eval/k9tjPMQc.jpg 2,307,0,85,21, 0,7,
./eval/ySgoan4r.jpg 0,2,50,98,278, 3,390,
./eval/dEvbSjBo.jpg 1,2,221,165,348, 0,83,
./eval/FY5M6xse.jpg 2,356,244,355,265, 3,377,
./eval/5oqrgpdC.jpg 0,2,256,380,29, 3,380,
./eval/qbznRfwi.jpg 0,2,3,317,387, 2,317,
./eval/PKpiURN5.jpg 2,284,323,300,262, 0,63,
./eval/9dTRvc8G.jpg 0,81,30,42,41, 2,357,
./eval/xRrXbfgF.jpg 2,264,298,275,335, 0,124,
./eval/2wWyr5mQ.jpg 0,2,247,49,335, 2,247,
./eval/rRK9D8fN.jpg 0,2,1,102,40, 1,221,
./eval/UKl9eFDJ.jpg 1,136,214,199,2, 2,287,
./eval/O5yxS7fk.jpg 2,0,85,284,266, 1,214,
./eval/TE2gXFea.jpg 2,268,241,302,279, 1,136,
./eval/kgAtxKmc.jpg 2,301,1,298,331, 1,214,
./eval/sFhLBxNG.jpg 1,171,152,150,2, 0,18,
./eval/wzQG5arh.jpg 0,34,2,3,265, 1,207,
./eval/fDYvIZX0.jpg 0,2,75,340,1, 2,340,
./eval/E4XPYN0m.jpg 3,374,0,395,389, 0,59,
./eval/2bY71JQ6.jpg 268,2,241,266,349, 0,73,
./eval/ghEnzWsf.jpg 2,0,45,354,274, 0,45,
./eval/jsrtBHdE.jpg 2,294,323,301,0, 0,13,
./eval/fdmujnpR.jpg 0,17,2,226,230, 2,226,
./eval/m8dAkb0i.jpg 281,2,301,294,328, 0,63,
./eval/tzr0Rh32.jpg 2,0,85,67,307, 0,40,
./eval/8j4nEJcW.jpg 1,2,160,155,347, 2,261,
./eval/fKp4R6VN.jpg 2,310,3,265,288, 3,385,
./eval/pPI5cgTX.jpg 2,0,71,33,363, 0,71,
./eval/KBPJ4g1R.jpg 78,0,77,3,111, 3,369,
./eval/y5tHQug2.jpg 0,28,2,227,104, 2,227,
./eval/Toe4hxB0.jpg 0,77,78,40,128, 1,133,
./eval/YfRIb1eK.jpg 2,225,0,352,12, 0,12,
./eval/XSJhjiRx.jpg 2,338,43,245,1, 0,43,
./eval/Me8EI4C7.jpg 314,2,1,261,178, 1,178,
./eval/sqlUkPxa.jpg 0,100,275,2,1, 2,275,
./eval/2TcmiM1B.jpg 309,0,1,2,16, 1,173,
./eval/8aNUcgzW.jpg 0,2,1,320,26, 2,331,
./eval/BkCMWdJm.jpg 0,12,81,3,366, 3,391,
./eval/BPgOrKvu.jpg 317,2,268,0,235, 0,85,
./eval/gCSj831V.jpg 0,43,1,42,51, 2,346,
./eval/ElBVxKWc.jpg 0,2,106,54,110, 2,266,
./eval/U6CD3reK.jpg 2,277,3,253,373, 0,19,
./eval/eLPMbSqZ.jpg 0,2,99,307,81, 2,339,
./eval/qCbD70Ws.jpg 1,211,214,147,205, 2,308,
./eval/WauTjMIH.jpg 1,2,190,170,43, 2,299,
./eval/81ViyLBI.jpg 0,32,2,50,283, 2,320,
./eval/WgrqMoHU.jpg 0,115,2,356,75, 2,244,
./eval/HnOcUrZF.jpg 312,2,43,0,348, 0,43,
./eval/AMdhit0P.jpg 0,2,247,45,100, 2,275,
./eval/bQTvaEUS.jpg 2,244,356,135,1, 0,30,
./eval/Xvrsgt0f.jpg 1,2,179,197,347, 2,347,
./eval/rDZVgwPb.jpg 2,313,3,374,254, 3,374,
./eval/UjD7xbId.jpg 1,208,2,185,169, 0,43,
./eval/qNlv5Ws4.jpg 0,94,2,11,85, 2,307,
./eval/t2GznXdx.jpg 1,139,162,2,145, 2,276,
./eval/6QnFJyce.jpg 353,2,0,86,95, 0,86,
./eval/ECadJHUs.jpg 0,104,28,2,84, 2,323,
./eval/P7xlyCMD.jpg 0,49,2,98,74, 2,275,
./eval/VENg2xp6.jpg 1,164,179,2,181, 2,307,
./eval/bIij4WPO.jpg 2,213,1,208,300, 1,213,
./eval/TeCoDgR7.jpg 2,332,0,284,289, 0,17,
./eval/KZU10Vxt.jpg 201,1,0,125,63, 0,125,
./eval/84KTVCIB.jpg 2,286,112,233,0, 0,112,
./eval/KU8m2EJf.jpg 2,323,0,7,52, 0,52,
./eval/jTfmKFz4.jpg 0,77,78,111,76, 2,339,
./eval/oTh8SO0v.jpg 0,17,33,49,112, 1,149,
./eval/Gw9KhRWa.jpg 2,0,281,1,63, 0,37,
./eval/stLJpynQ.jpg 2,247,244,264,0, 0,46,
./eval/3RsPc7i6.jpg 0,366,12,3,2, 3,397,
./eval/0ayuHrmM.jpg 2,37,1,0,331, 1,219,
./eval/nIWSTRZ1.jpg 1,2,328,258,164, 2,302,
./eval/B1TDcrzs.jpg 277,2,0,364,346, 0,101,
./eval/ysPYBlTD.jpg 259,1,2,0,135, 0,128,
./eval/H4EQ2ejt.jpg 276,2,352,1,231, 1,139,
./eval/Fmz1vbAn.jpg 2,317,268,349,235, 0,85,
./eval/T9zhnlpd.jpg 2,1,343,171,341, 1,145,
./eval/jJpP0mdu.jpg 0,40,2,111,128, 2,281,
./eval/wxCQRvS9.jpg 1,207,2,192,212, 2,323,
./eval/eUxjJQgD.jpg 0,66,69,67,3, 3,369,
./eval/YhgvrtHQ.jpg 317,2,268,0,241, 0,85,
./eval/pmDqyZ7F.jpg 250,2,3,373,237, 0,80,
./eval/OeAsLRXJ.jpg 0,2,310,258,103, 2,310,
./eval/DpSiPvWA.jpg 0,130,120,121,2, 2,277,
./eval/OwMq8XjQ.jpg 2,317,241,279,396, 0,44,
./eval/m3WOnxI8.jpg 1,2,328,164,332, 2,302,
./eval/Ssij3AcG.jpg 1,210,155,2,161, 2,347,
./eval/0Qa9Adv3.jpg 2,301,294,281,244, 0,105,
./eval/QRzhFN6X.jpg 2,317,0,311,231, 0,85,
./eval/zDKM1CuU.jpg 137,1,177,140,179, 2,339,
./eval/jeY96CzS.jpg 2,135,0,300,341, 0,83,
./eval/30TVM826.jpg 2,0,106,242,346, 0,106,
./eval/69Wp8D2R.jpg 0,83,223,62,90, 2,223,
./eval/0gCfhKvD.jpg 1,165,175,197,158, 2,259,
./eval/YzVHm06o.jpg 2,1,171,284,302, 0,58,
./eval/kgHzjfus.jpg 317,2,0,346,396, 0,85,
./eval/3ymVbqcx.jpg 350,2,0,324,295, 0,50,
./eval/DXVoGRa6.jpg 221,1,210,195,2, 2,276,
./eval/5mrelkqL.jpg 0,2,126,275,100, 2,275,
./eval/c3ZvKauS.jpg 231,1,2,262,171, 2,231,
./eval/q4iQ9eRv.jpg 2,128,0,276,341, 0,128,
./eval/xhLme74p.jpg 0,126,100,2,274, 2,275,
./eval/tNl3uSxQ.jpg 0,2,259,111,87, 2,259,
./eval/7V3gTRic.jpg 0,2,346,306,289, 2,224,
./eval/sj4iurfF.jpg 2,0,225,330,34, 0,34,
./eval/qbFW0ajx.jpg 2,266,3,0,335, 0,13,
./eval/nz4RbKSI.jpg 0,2,3,96,373, 2,233,
./eval/XKnfOSCd.jpg 0,81,5,41,2, 2,335,
./eval/AoWhOkbQ.jpg 0,120,2,49,99, 2,283,
./eval/3FmcfzqA.jpg 3,2,390,367,279, 2,279,
./eval/kY5cQues.jpg 3,397,387,391,95, 2,286,
./eval/mASku8cI.jpg 3,370,0,390,372, 2,277,
./eval/aCdMu2Xc.jpg 0,2,3,101,338, 3,391,
./eval/leHMN0v9.jpg 2,0,49,45,100, 0,100,
./eval/X1ZPsR9h.jpg 3,0,2,366,397, 2,358,
./eval/zHaUsiGr.jpg 0,1,161,2,219, 1,135,
./eval/V8bfxCtL.jpg 2,268,297,349,301, 1,160,
./eval/StqIGNlJ.jpg 96,0,2,113,253, 2,253,
./eval/YLyJ8v7p.jpg 1,170,2,0,43, 0,42,
./eval/b4SNdQK8.jpg 0,2,120,232,258, 2,224,
./eval/59B3vqQR.jpg 2,276,279,1,352, 0,44,
./eval/RSvdFZ2f.jpg 0,96,40,117,111, 2,355,
./eval/VHRXjb2I.jpg 0,2,43,224,44, 2,224,
./eval/VXsWt90T.jpg 293,0,2,244,1, 2,293,
./eval/oTQcNtFw.jpg 0,100,45,126,128, 2,274,
./eval/iyztJHEj.jpg 2,351,3,1,297, 3,366,
./eval/u4hLVt28.jpg 0,2,100,274,126, 2,274,
./eval/i3H4Duw0.jpg 2,234,0,112,318, 0,13,
./eval/Z8You5rd.jpg 0,76,111,78,66, 3,369,
./eval/5U7WEr2S.jpg 0,1,123,47,110, 1,207,
./eval/qmINMyJU.jpg 1,169,2,0,41, 0,43,
./eval/dVW2CPqB.jpg 2,346,3,385,387, 3,371,
./eval/E7UzRQ8Z.jpg 0,2,94,126,40, 2,247,
./eval/42mOAgp8.jpg 2,226,243,245,286, 0,43,
./eval/LgWUTKJ8.jpg 353,2,0,71,130, 0,4,
./eval/15KAn0T2.jpg 2,332,234,0,268, 0,84,
./eval/QqUBEhPZ.jpg 0,2,85,286,244, 2,268,
./eval/IYchdtSo.jpg 2,279,318,3,358, 3,366,
./eval/1vFybRmt.jpg 1,166,0,199,152, 2,356,
./eval/J2cMDm3L.jpg 0,93,107,121,94, 2,277,
./eval/ZTVrp2wE.jpg 292,2,322,0,70, 0,70,
./eval/4D5RxSlO.jpg 1,0,172,34,77, 2,341,
./eval/3OHg46t8.jpg 2,0,313,99,271, 0,50,
./eval/ntfOLUxm.jpg 0,2,83,11,223, 2,337,
./eval/YidgaNsI.jpg 2,0,3,226,73, 3,380,
./eval/L1dfR8NV.jpg 0,97,333,55,85, 2,333,
./eval/qSsbHBfG.jpg 27,0,2,1,364, 1,214,
./eval/noG1HBUX.jpg 0,120,22,114,3, 2,279,
./eval/Fo4A1RNu.jpg 2,262,117,1,0, 1,155,
./eval/05Gr2XDI.jpg 0,53,99,12,26, 2,335,
./eval/JsElYIpb.jpg 349,3,2,398,374, 2,267,
./eval/6gfhjocm.jpg 0,1,2,9,50, 2,362,
./eval/NZECfSqQ.jpg 2,339,181,1,140, 1,181,
./eval/4JWjrwlV.jpg 2,318,323,273,303, 0,112,
./eval/Lkwgl7NY.jpg 2,301,294,281,323, 1,201,
./eval/G7NiqWds.jpg 2,313,254,248,343, 3,374,
./eval/OGlhDwPd.jpg 1,152,180,2,189, 2,298,
./eval/welr718T.jpg 317,2,0,389,349, 0,85,
./eval/f5Xyc8oC.jpg 0,41,2,3,353, 2,322,
./eval/HOxov53s.jpg 0,3,77,78,111, 2,330,
./eval/0MK2kJbF.jpg 2,231,343,1,300, 1,205,
./eval/yJFiIhLO.jpg 2,297,0,324,319, 0,80,
./eval/GTKpUVCQ.jpg 0,1,113,171,34, 1,171,
./eval/iRPUzOjw.jpg 0,68,83,2,11, 2,323,
./eval/N82H039J.jpg 2,307,0,29,253, 0,29,
./eval/tQOTRINY.jpg 395,73,2,311,3, 0,73,
./eval/9KtyDf1n.jpg 0,3,373,77,2, 2,325,
./eval/3LVCXDfa.jpg 2,353,0,121,294, 0,120,
./eval/FsoUz1bM.jpg 0,81,12,2,1, 2,362,
./eval/oB8Ibe43.jpg 3,117,0,1,2, 1,207,
./eval/Uk2Xwyip.jpg 1,132,184,170,138, 0,18,
./eval/Xwe6U4nr.jpg 47,2,0,13,3, 0,47,
./eval/JZUuMw4G.jpg 0,8,2,358,3, 2,358,
./eval/14IyEg2D.jpg 0,130,120,121,4, 2,354,
./eval/LiE63Qu4.jpg 322,2,3,370,346, 3,370,
./eval/3xLPKTpG.jpg 3,0,2,381,378, 0,31,
./eval/OD9fxpBv.jpg 2,0,255,61,354, 0,71,
./eval/yTln8LEu.jpg 2,277,306,344,364, 0,85,
./eval/muvFsg2k.jpg 2,0,85,284,343, 1,205,
./eval/vWI830Fc.jpg 1,165,259,2,205, 2,259,
./eval/t8osUv2X.jpg 1,341,0,150,2, 2,341,
./eval/X78vH4yM.jpg 2,1,132,184,328, 1,184,
./eval/h7x6uT8U.jpg 0,82,95,13,114, 3,391,
./eval/YDMbLfsz.jpg 0,12,26,50,80, 3,379,
./eval/l01DBxuS.jpg 3,0,2,390,303, 2,303,
./eval/6l2pMBH5.jpg 344,2,342,277,306, 0,94,
./eval/H9fQZCWn.jpg 0,2,81,12,261, 2,360,
./eval/qEg10XD2.jpg 3,0,369,366,59, 0,402,
./eval/6mrKwcqT.jpg 322,2,51,0,3, 0,51,
./eval/BkCAXvrd.jpg 2,281,332,323,0, 0,46,
./eval/N12DBU0h.jpg 1,2,160,0,362, 2,247,
./eval/xnvN20B9.jpg 2,1,0,258,160, 1,160,
./eval/rt3Kasuc.jpg 0,244,2,227,95, 2,293,
./eval/2G39oFfy.jpg 2,279,270,332,268, 0,85,
./eval/Y2jrTUFx.jpg 2,276,303,230,0, 0,44,
./eval/JL5wXKTS.jpg 300,2,1,205,299, 1,205,
./eval/dQRNvth8.jpg 0,38,46,28,63, 2,361,
./eval/gjlMXuZF.jpg 0,93,3,397,62, 2,230,
./eval/Ah2q0P1U.jpg 1,2,276,134,206, 2,276,
./eval/uFedxNXf.jpg 0,99,60,83,129, 2,358,
./eval/TScBHnlY.jpg 86,0,367,39,23, 3,367,
./eval/LRsiu4bP.jpg 2,0,99,356,249, 0,90,
./eval/UBXQ9O4R.jpg 1,179,2,188,341, 2,312,
./eval/Q9sMVTwr.jpg 2,1,0,307,135, 1,213,
./eval/cxerOR1C.jpg 317,2,0,241,268, 0,85,
./eval/uI10EoVN.jpg 2,0,58,3,360, 0,70,
./eval/owmPnXTk.jpg 349,3,2,392,394, 2,349,
./eval/19Zj6JMl.jpg 373,3,2,253,250, 2,253,
./eval/A1yOTzKf.jpg 0,2,320,126,100, 2,264,
./eval/NGZJ7blq.jpg 265,2,0,76,66, 0,76,
./eval/DRreN6cY.jpg 2,135,225,300,1, 1,135,
./eval/wkSIqmgc.jpg 1,178,169,2,220, 2,270,
./eval/LpJVsmU2.jpg 2,385,359,3,0, 0,66,
./eval/nMdhgpNf.jpg 2,0,100,282,263, 0,100,
./eval/qjb83ByU.jpg 1,165,197,175,2, 2,259,
./eval/31ivKV6X.jpg 0,2,97,104,295, 2,353,
./eval/QpHNcCwJ.jpg 1,231,171,2,148, 2,231,
./eval/OkPFoTEe.jpg 346,2,388,317,3, 3,388,
./eval/lJMEI61j.jpg 3,370,372,0,2, 0,13,
./eval/N7RMODrJ.jpg 0,2,11,121,47, 2,279,
./eval/VKgbYGNw.jpg 2,0,242,317,85, 1,146,
./eval/rY2ylKjv.jpg 1,2,212,213,156, 2,231,
./eval/12L7oUGB.jpg 2,294,281,244,301, 0,63,
./eval/mpAIMbfR.jpg 2,362,0,310,1, 0,25,
./eval/Y6VeI1n3.jpg 2,281,0,230,244, 0,74,
./eval/fIEJo9Zk.jpg 0,3,366,81,2, 2,277,
./eval/DTWsrZn1.jpg 2,0,312,1,287, 1,211,
./eval/jAJNeiQ5.jpg 2,1,161,190,211, 1,190,
./eval/8fQGcq2z.jpg 2,3,374,313,343, 3,374,
./eval/7rzVfQPI.jpg 380,0,3,29,382, 3,380,
./eval/ZPQmLjrH.jpg 2,1,363,364,354, 1,206,
./eval/qU0634XC.jpg 0,2,100,272,41, 2,258,
./eval/m9Wnxsq8.jpg 0,28,2,104,227, 2,227,
./eval/458o6VKl.jpg 0,2,69,265,76, 2,265,
./eval/rGAKIx6Q.jpg 2,363,0,160,1, 1,160,
./eval/FAXMVNre.jpg 2,310,265,0,335, 0,94,
./eval/hbsrxTgv.jpg 1,214,218,147,212, 2,287,
./eval/juN1TUYv.jpg 244,0,2,227,247, 2,244,
./eval/BaEjJ3VG.jpg 0,3,66,369,69, 3,369,
./eval/gM8Y791d.jpg 2,363,0,286,354, 1,146,
./eval/qAk0JN37.jpg 0,120,30,121,2, 2,283,
./eval/QWmDSgfx.jpg 2,3,0,373,250, 0,8,
./eval/SGu4JKwf.jpg 1,214,146,171,207, 2,343,
./eval/ALeDQtfn.jpg 0,129,242,2,85, 2,242,
./eval/kbrmCKYs.jpg 0,2,318,1,3, 1,140,
./eval/NFRxW0HS.jpg 2,299,356,225,256, 1,135,
./eval/XfCujpci.jpg 1,192,199,312,212, 2,312,
./eval/nBJNkK4v.jpg 1,140,0,187,151, 2,331,
./eval/9h0e27SU.jpg 0,2,96,245,43, 2,259,
./eval/ELqJgfu8.jpg 2,322,292,266,226, 3,389,
./eval/SmkFaI8t.jpg 0,115,34,113,117, 2,276,
./eval/zbyKBW3X.jpg 1,181,179,2,353, 2,339,
./eval/AB3MFSxD.jpg 0,89,21,307,2, 2,307,
./eval/RWKsO70d.jpg 1,2,3,266,373, 2,258,
./eval/9INymunO.jpg 2,392,1,288,3, 3,392,
./eval/AKZBMR2E.jpg 2,258,255,245,226, 0,30,
./eval/AmnQdcjP.jpg 0,2,1,72,98, 2,339,
./eval/cpQVrsPX.jpg 2,3,323,276,338, 1,146,
./eval/byORHjmX.jpg 2,232,284,358,244, 1,160,
./eval/3Iujf8Td.jpg 2,364,286,0,313, 0,58,
./eval/W9qfeCS4.jpg 2,335,3,258,1, 3,383,
./eval/Qn7RoF65.jpg 2,348,312,1,300, 1,197,
./eval/dg0LuNBT.jpg 0,49,45,17,245, 2,245,
./eval/Zzn2BdoV.jpg 0,40,2,262,231, 2,262,
./eval/FozEVkNi.jpg 2,289,3,288,258, 0,30,
./eval/azCqdHQR.jpg 2,1,197,356,341, 1,197,
./eval/23Ka6T04.jpg 0,81,41,42,88, 2,277,
./eval/0zNvIUWJ.jpg 0,2,18,310,32, 2,261,
./eval/sXLahlBQ.jpg 0,2,320,45,100, 2,264,
./eval/9wQKDrx2.jpg 2,1,210,260,221, 1,154,
./eval/Dj5JUqZm.jpg 2,356,340,339,259, 1,135,
./eval/x71VmNwG.jpg 237,2,222,0,8, 0,8,
./eval/lLSpeTyZ.jpg 0,2,34,253,113, 2,253,
./eval/frOLcEFY.jpg 0,3,319,98,366, 2,319,
./eval/3NIKjDT5.jpg 0,2,126,247,272, 2,275,
./eval/vfmDGycb.jpg 0,3,117,58,93, 2,273,
./eval/KDgqUGk0.jpg 3,0,390,353,370, 2,295,
./eval/j8EQYN74.jpg 2,356,225,276,234, 0,34,
./eval/iqHRu18D.jpg 0,362,50,2,278, 2,362,
./eval/C4VO10F7.jpg 96,0,2,290,339, 2,290,
./eval/rs1o7GLW.jpg 0,2,1,108,121, 2,258,
./eval/uPoNTLCH.jpg 397,3,2,0,85, 0,85,
./eval/zTe7iCV9.jpg 2,254,313,343,248, 3,374,
./eval/uW0LRQPb.jpg 0,275,2,124,126, 2,275,
./eval/kqiYQ0WZ.jpg 3,0,369,391,67, 0,72,
./eval/uUFAHr1L.jpg 0,45,91,49,126, 2,275,
./eval/Dgx9eO2p.jpg 2,300,284,3,262, 1,145,
./eval/qceoEfdw.jpg 0,17,390,3,2, 3,390,
./eval/VFso62cZ.jpg 2,332,0,1,43, 0,43,
./eval/riKpDSMu.jpg 3,380,0,369,390, 2,245,
./eval/hTLQ8Z9G.jpg 0,2,276,325,62, 2,279,
./eval/iThuP1bO.jpg 1,133,201,146,135, 2,298,
./eval/XM1H3sua.jpg 1,182,216,290,174, 2,307,
./eval/U72RrHCz.jpg 0,45,100,2,126, 2,246,
./eval/4c2OzZMQ.jpg 1,169,178,149,182, 2,270,
./eval/ojdTWz6P.jpg 2,44,1,276,43, 0,44,
./eval/Mf1tCu4z.jpg 1,167,205,171,207, 2,259,
./eval/8qeNtJWB.jpg 0,75,111,77,3, 2,259,
./eval/jG6ArJM0.jpg 2,224,289,239,236, 0,103,
./eval/M8Es6qcw.jpg 2,0,1,262,231, 1,160,
./eval/zZMQYXVB.jpg 0,2,126,298,100, 2,298,
./eval/XRuvpU5g.jpg 289,0,2,224,338, 2,224,
./eval/HyJI7tLg.jpg 38,2,0,244,28, 0,38,
./eval/Pe3l4vXV.jpg 99,0,335,1,320, 2,335,
./eval/ZFVogDaU.jpg 2,373,3,222,385, 3,373,
./eval/o8KCqfTO.jpg 2,356,266,341,1, 1,139,
./eval/zAnH7P0e.jpg 0,2,50,130,126, 2,295,
./eval/1TnNdib4.jpg 1,180,215,150,132, 3,383,
./eval/41EYcsai.jpg 0,259,117,339,96, 2,340,
./eval/sPg9ah6L.jpg 2,222,254,267,237, 3,376,
./eval/0A1LnbmW.jpg 122,0,48,60,1, 3,392,
./eval/qvnePiJs.jpg 0,85,2,317,262, 2,262,
./eval/9A1zis4r.jpg 3,1,395,2,375, 2,262,
./eval/juI0hrgF.jpg 133,1,304,2,146, 2,304,
./eval/Q6jvo1gA.jpg 0,94,53,67,2, 2,259,
./eval/j0FCqZd7.jpg 0,2,34,107,90, 3,389,
./eval/kmK5G1TH.jpg 34,2,0,276,1, 0,34,
./eval/T4IOuVd6.jpg 0,2,30,258,281, 2,275,
./eval/vClkhR4p.jpg 2,1,281,294,0, 0,37,
./eval/AQthpVnq.jpg 2,0,80,114,54, 0,80,
./eval/jKM27sWf.jpg 0,17,121,2,120, 2,230,
./eval/Jz6CbsGP.jpg 0,2,83,223,3, 2,262,
./eval/VHTFOEt1.jpg 0,40,128,1,2, 1,189,
./eval/hiMSRJpA.jpg 3,370,2,0,372, 2,277,
./eval/YqWTcebM.jpg 2,34,0,249,335, 0,31,
./eval/182sFixI.jpg 2,1,201,140,264, 1,201,
./eval/8lksAOgY.jpg 2,248,310,254,222, 0,76,
./eval/mc8U9ZtX.jpg 0,297,2,387,345, 2,236,
./eval/vl2Kzipb.jpg 1,201,0,146,214, 2,274,
./eval/pYP9FXr6.jpg 2,343,226,356,1, 0,117,
./eval/eSZ2J07x.jpg 0,126,100,2,275, 2,275,
./eval/0oFNJiyM.jpg 0,123,2,296,223, 2,296,
./eval/xBCqhTVf.jpg 2,0,126,247,275, 0,126,
./eval/e3DKAozH.jpg 2,160,1,0,258, 1,160,
./eval/RiJYxAaO.jpg 0,2,272,96,277, 2,272,
./eval/TjeacJr7.jpg 0,126,1,42,88, 1,174,
./eval/XM2IatzG.jpg 0,72,67,94,111, 2,259,
./eval/KG9AilQe.jpg 0,259,111,2,339, 2,259,
./eval/yCJTABI4.jpg 0,52,2,247,16, 2,323,
./eval/mqxtUzDy.jpg 1,214,134,2,199, 2,244,
./eval/RWZ9EmkO.jpg 0,2,111,295,96, 2,339,
./eval/8gX0WIfu.jpg 1,212,133,157,152, 2,301,
./eval/YaQAiTIh.jpg 0,19,9,108,2, 1,169,
./eval/ZIFRYODG.jpg 181,339,1,2,140, 2,339,
./eval/A0bazghR.jpg 0,127,302,2,67, 2,302,
./eval/nm267pEA.jpg 0,13,47,8,62, 2,277,
./eval/uANz1oaO.jpg 0,110,99,2,121, 2,292,
./eval/biGF1U7R.jpg 284,2,3,332,300, 3,389,
./eval/23ov0h1D.jpg 0,85,14,41,3, 3,368,
./eval/PI1Jlxpd.jpg 333,2,1,290,166, 1,166,
./eval/KfArCXjc.jpg 2,1,161,290,259, 1,187,
./eval/nX7mqSQs.jpg 2,364,1,346,0, 0,56,
./eval/PLJWyp8E.jpg 325,2,237,250,8, 0,8,
./eval/rpIylbOn.jpg 0,68,2,93,90, 2,268,
./eval/JH0yBM2k.jpg 2,300,231,262,302, 1,136,
./eval/L4I7xaqt.jpg 272,2,0,247,96, 0,49,
./eval/jQOrTNp0.jpg 307,2,21,0,82, 0,21,
./eval/0D9kinH3.jpg 0,13,123,23,47, 2,273,
./eval/fuz2QgdW.jpg 0,117,38,33,125, 2,279,
./eval/D5cqTy0U.jpg 1,149,2,188,183, 2,230,
./eval/wXpUKBIt.jpg 0,126,2,275,274, 2,275,
./eval/5QXtUdJy.jpg 3,375,2,332,270, 2,245,
./eval/PkG5hDQ3.jpg 317,2,0,85,284, 0,85,
./eval/uSRe6Dqi.jpg 2,0,258,335,99, 0,99,
./eval/F0DA7PN2.jpg 0,6,2,85,24, 2,347,
./eval/CHFVbXDY.jpg 2,320,0,1,84, 0,9,
./eval/JA5vTNFV.jpg 1,2,205,3,332, 2,262,
./eval/LYIc3GSw.jpg 2,0,71,1,108, 0,9,
./eval/wTlcOpYa.jpg 0,7,46,2,323, 2,323,
./eval/Ps7zVIHp.jpg 2,279,332,276,360, 1,207,
./eval/TtqHaRDB.jpg 0,85,81,110,121, 2,317,
./eval/W9LATudG.jpg 2,267,0,254,69, 0,67,
./eval/zvuer7Pc.jpg 2,339,1,140,181, 1,173,
./eval/d04SRlvZ.jpg 0,2,79,58,262, 2,286,
./eval/lXifhIPr.jpg 2,310,324,319,0, 0,80,
./eval/tS2vANWc.jpg 2,0,1,94,341, 0,126,
./eval/Ja4oQpLI.jpg 2,0,3,1,262, 1,205,
./eval/HTP4Ffq1.jpg 265,2,76,0,66, 0,76,
./eval/s7GuTwYc.jpg 307,2,0,85,362, 0,25,
./eval/xsh0ProX.jpg 364,1,2,303,206, 2,252,
./eval/iu547CQL.jpg 0,2,45,126,100, 2,246,
./eval/h5pHD4oS.jpg 2,266,268,322,358, 1,146,
./eval/2a6uV3mB.jpg 2,317,235,268,284, 3,395,
./eval/gPKjEunU.jpg 2,0,358,117,58, 0,117,
./eval/VWvDk0bS.jpg 0,104,26,2,38, 2,227,
./eval/C6vIoVJs.jpg 0,2,11,230,129, 2,358,
./eval/dMO3zgyB.jpg 1,194,145,173,154, 0,34,
./eval/3ynsMvSC.jpg 2,1,136,298,212, 1,136,
./eval/NvEXr94W.jpg 2,339,1,140,290, 1,140,
./eval/Ap76Y4ef.jpg 2,3,0,17,81, 0,42,
./eval/VgxOc2Qm.jpg 0,19,9,31,54, 1,169,
./eval/CPTu7H5E.jpg 2,268,233,0,105, 1,135,
./eval/aebTV1wG.jpg 2,3,258,1,0, 3,386,
./eval/h214J9kY.jpg 2,287,253,1,347, 1,218,
./eval/zy7frxc4.jpg 235,2,0,3,395, 3,374,
./eval/gWkhAc8v.jpg 1,189,2,186,140, 2,290,
./eval/pA0bjJce.jpg 3,0,366,372,397, 2,242,
./eval/fPctm3e9.jpg 0,42,4,43,71, 2,288,
./eval/h7yEj58I.jpg 0,31,14,85,3, 2,286,
./eval/tsRmWncZ.jpg 3,0,368,58,2, 2,338,
./eval/EjHbqnwN.jpg 0,2,66,222,1, 1,133,
./eval/ldR69Axk.jpg 0,98,2,84,12, 2,288,
./eval/IY3nqyrM.jpg 2,0,258,1,121, 0,58,
./eval/aeqTiMok.jpg 1,207,2,165,0, 2,309,
./eval/DhNtHdiU.jpg 0,1,2,332,43, 1,179,
./eval/wEQ7XsgW.jpg 0,321,45,120,2, 2,264,
./eval/Rq8e3Iyo.jpg 2,312,287,348,1, 1,179,
./eval/bxB40vQh.jpg 0,2,98,25,80, 2,232,
./eval/x40L3Rf6.jpg 188,314,1,2,356, 2,340,
./eval/HDFeGu71.jpg 3,0,370,395,397, 2,313,
./eval/0u6sq5DF.jpg 2,352,0,225,276, 0,11,
./eval/d91GFwDj.jpg 0,96,111,339,2, 2,339,
./eval/t5IEwoGL.jpg 142,1,2,288,186, 2,247,
./eval/JNneUCHz.jpg 0,2,346,9,1, 2,283,
./eval/A9ZSofOq.jpg 0,117,2,70,395, 2,273,
./eval/2GcevT1Y.jpg 2,320,213,1,298, 1,213,
./eval/Uc3YeQW4.jpg 2,0,323,58,46, 0,46,
./eval/tqoLPrJm.jpg 1,152,2,135,356, 2,347,
./eval/OwvU8mDi.jpg 2,318,323,294,303, 0,46,
./eval/5lF3uiZc.jpg 2,1,229,357,271, 1,189,
./eval/EUihrs56.jpg 2,234,288,307,0, 0,49,
./eval/5O168NR0.jpg 322,0,2,51,3, 3,370,
./eval/Vfp710Fh.jpg 2,225,356,276,286, 0,34,
./eval/er96XmaZ.jpg 3,2,1,373,0, 1,170,
./eval/67i2lJpv.jpg 377,3,1,218,373, 1,205,
./eval/Gz7P0fJA.jpg 2,3,332,300,375, 3,395,
./eval/JTQ5w3VF.jpg 0,29,366,3,2, 2,360,
./eval/zQfcAmx5.jpg 1,0,143,173,189, 2,247,
./eval/t9QwCeHF.jpg 2,282,146,1,212, 1,200,
./eval/SZaUFmpE.jpg 0,2,357,332,229, 2,303,
./eval/sSxbHd3r.jpg 0,3,2,50,254, 2,274,
./eval/uNi5Plvt.jpg 0,32,2,114,31, 2,323,
./eval/VSOw0yEG.jpg 2,330,339,94,0, 0,94,
./eval/LCoAzWnY.jpg 1,0,2,3,200, 0,43,
./eval/UbvzNxTI.jpg 0,2,22,114,54, 2,235,
./eval/e0w2BWga.jpg 1,2,166,247,298, 2,298,
./eval/I58QJes0.jpg 2,258,1,152,0, 1,152,
./eval/0Be6SE5b.jpg 317,2,279,0,268, 3,395,
./eval/bPsVuFQc.jpg 0,58,2,3,70, 2,279,
./eval/7mrj9Pgp.jpg 2,255,1,310,302, 0,81,
./eval/ASomPWeu.jpg 2,0,34,341,276, 0,94,
./eval/CFTRIAnv.jpg 2,0,362,310,103, 0,103,
./eval/XNCuA6mz.jpg 0,117,318,2,13, 2,318,
./eval/cKpta3UT.jpg 1,206,175,184,2, 2,352,
./eval/dJQisBcX.jpg 2,0,3,310,313, 0,108,
./eval/b9k1Ql6I.jpg 2,254,3,222,313, 0,85,
./eval/dPTKznDL.jpg 0,63,2,105,289, 2,281,
./eval/ro3TGFC0.jpg 230,1,2,286,189, 2,286,
./eval/zayObBoY.jpg 1,164,112,170,0, 2,234,
./eval/wsIMW4lb.jpg 368,3,338,2,0, 2,338,
./eval/jAwHyUfZ.jpg 0,114,2,323,110, 2,323,
./eval/wvZaTN7z.jpg 0,120,121,22,19, 2,277,
./eval/CkX5m6Vp.jpg 2,272,264,320,246, 0,74,
./eval/cF5Wgymo.jpg 1,187,186,138,140, 2,291,
./eval/WrpiC5Hg.jpg 0,71,4,42,3, 2,234,
./eval/HjfVo3nc.jpg 0,66,2,69,222, 2,222,
./eval/pMxl5ZW9.jpg 2,0,341,77,40, 0,15,
./eval/ZiKV9q3m.jpg 0,43,164,1,206, 2,303,
./eval/1JFC3Pxz.jpg 2,323,114,297,0, 0,114,
./eval/TLewDHrA.jpg 2,0,341,34,1, 0,33,
./eval/cHhu2wlU.jpg 0,130,2,341,126, 2,277,
./eval/H7T2ymKb.jpg 0,37,74,63,38, 2,274,
./eval/Il34gbtK.jpg 2,1,0,172,180, 1,219,
./eval/b948tvdJ.jpg 1,135,2,201,271, 2,353,
./eval/dL50efgr.jpg 0,40,2,128,111, 2,262,
./eval/bVhjdgon.jpg 0,2,12,26,81, 3,391,
./eval/oQO2sxuZ.jpg 0,2,117,277,322, 2,306,
./eval/VDcAKRol.jpg 317,2,0,268,396, 0,85,
./eval/DlOhQyBP.jpg 2,353,0,125,1, 3,384,
./eval/jMsH5nUg.jpg 2,1,276,225,356, 0,34,
./eval/DfrjQ53V.jpg 2,0,272,245,49, 0,49,
./eval/tODweqGS.jpg 375,3,2,332,262, 2,358,
./eval/ZvPtuY93.jpg 2,281,242,0,323, 0,37,
./eval/sHYA1SKu.jpg 0,29,3,366,397, 3,366,
./eval/emuBJIVd.jpg 307,2,0,25,21, 0,21,
./eval/Izp4qiw9.jpg 208,1,2,320,299, 2,320,
./eval/Bh1fAVNq.jpg 1,0,73,2,341, 2,280,
./eval/rP9q5Tmo.jpg 0,2,277,54,30, 2,277,
./eval/W3zmdicX.jpg 0,128,130,250,2, 2,237,
./eval/brkugXZD.jpg 0,2,126,98,320, 2,264,
./eval/QTIg7cDB.jpg 258,2,0,354,45, 0,100,
./eval/jeA1tcyF.jpg 1,197,133,161,170, 2,304,
./eval/5KuHejIU.jpg 1,2,190,135,188, 2,225,
./eval/BVdLxtNu.jpg 2,242,349,0,66, 3,385,
./eval/98MiJeBr.jpg 242,2,0,81,335, 0,85,
./eval/oanSmKxd.jpg 1,0,151,2,63, 2,306,
./eval/nyAxQhUO.jpg 3,2,0,260,303, 2,260,
./eval/5MNBHQOS.jpg 0,10,95,93,372, 3,372,
./eval/ERbVcYnh.jpg 3,369,383,394,398, 0,40,
./eval/vKJeBpZi.jpg 168,1,0,88,143, 0,71,
./eval/yftdQCs7.jpg 0,330,2,40,94, 2,330,
./eval/7T3GnLoh.jpg 0,323,52,2,46, 2,247,
./eval/RkT6AhUJ.jpg 1,2,160,356,199, 2,298,
./eval/wZ8ecabE.jpg 0,98,2,3,103, 2,335,
./eval/JZmlYaK1.jpg 2,222,266,3,385, 0,70,
./eval/NCHFeLPJ.jpg 0,25,3,80,391, 2,234,
./eval/N27qoO16.jpg 135,0,2,356,115, 1,135,
./eval/WS8If1PZ.jpg 0,130,2,103,50, 1,132,
./eval/MtOjNQ4A.jpg 0,2,1,296,34, 2,358,
./eval/Qzrv3H0j.jpg 0,96,120,117,42, 2,273,
./eval/pGPZC7QS.jpg 2,0,265,76,34, 1,136,
./eval/X36LY1o5.jpg 2,322,370,292,3, 0,70,
./eval/kSFRH0ne.jpg 112,0,2,233,353, 2,233,
./eval/yGXQCY50.jpg 2,313,0,345,319, 0,9,
./eval/QoWiDJKL.jpg 1,135,218,199,148, 2,287,
./eval/soYnXx6V.jpg 2,360,230,358,303, 0,46,
./eval/8HgFZxKu.jpg 1,188,185,179,197, 2,340,
./eval/zXrTGD2Q.jpg 277,2,0,1,99, 0,30,
./eval/fdXgskxN.jpg 0,3,2,54,310, 2,250,
./eval/BkPqboOS.jpg 0,97,2,104,266, 2,266,
./eval/8c0dJUqz.jpg 126,0,2,275,100, 2,275,
./eval/f3merETa.jpg 1,0,132,191,184, 0,18,
./eval/NCfD2cMQ.jpg 276,2,0,279,44, 0,44,
./eval/MlH0bTS1.jpg 2,266,360,262,235, 1,161,
./eval/sf6UPHFi.jpg 2,313,254,386,3, 0,59,
./eval/JFhwLmg5.jpg 0,96,72,259,111, 2,259,
./eval/Jfz7F4Ke.jpg 2,263,0,100,334, 0,100,
./eval/sZPcty8d.jpg 0,2,261,100,52, 2,261,
./eval/H5gOzBML.jpg 2,0,1,311,231, 3,374,
./eval/tfimzWOj.jpg 3,2,0,391,231, 0,402,
./eval/viHJMglj.jpg 2,312,287,1,0, 1,219,
./eval/aVNUs5ct.jpg 0,2,258,335,30, 2,335,
./eval/FvhdM5IW.jpg 2,358,262,0,3, 0,117,
./eval/KIVbriW6.jpg 2,0,275,49,124, 0,49,
./eval/DQbty0GX.jpg 0,40,1,259,2, 2,259,
./eval/DqngC67m.jpg 2,126,275,0,272, 0,126,
./eval/wNaPlUmE.jpg 334,0,2,26,263, 2,334,
./eval/nuwJjzgS.jpg 0,2,13,114,273, 2,306,
./eval/ImZb6cCa.jpg 2,0,281,63,294, 0,63,
./eval/l1ZbKQWr.jpg 353,2,0,130,121, 0,121,
./eval/AUSvuVHs.jpg 2,290,287,312,304, 1,182,
./eval/WIVb5jys.jpg 2,0,378,3,324, 3,378,
./eval/ACtJYhOn.jpg 2,3,385,318,366, 3,385,
./eval/VmSubROd.jpg 1,132,204,188,213, 2,259,
